2023-03-18 18:27:08.463 | INFO     | __main__:first_part_thread:12 - Starting 1 thread...
2023-03-18 18:27:08.474 | INFO     | __main__:second_part_thread:22 - Starting 1 thread...
2023-03-18 18:27:08.510 | SUCCESS  | __main__:first_part_thread:19 - Finishing 1 thread...
2023-03-18 18:27:08.515 | SUCCESS  | __main__:second_part_thread:29 - Finishing 1 thread...
2023-03-18 18:27:08.523 | INFO     | __main__:final_part_thread:32 - Starting 1 thread...
2023-03-18 18:27:08.531 | SUCCESS  | __main__:final_part_thread:40 - Finishing 1 thread...
2023-03-18 18:27:08.557 | INFO     | __main__:first_part_thread:12 - Starting 2 thread...
2023-03-18 18:27:08.558 | INFO     | __main__:second_part_thread:22 - Starting 2 thread...
2023-03-18 18:27:08.604 | SUCCESS  | __main__:second_part_thread:29 - Finishing 2 thread...
2023-03-18 18:27:08.594 | SUCCESS  | __main__:first_part_thread:19 - Finishing 2 thread...
2023-03-18 18:27:08.628 | INFO     | __main__:final_part_thread:32 - Starting 2 thread...
2023-03-18 18:27:08.631 | SUCCESS  | __main__:final_part_thread:40 - Finishing 2 thread...
2023-03-18 18:27:08.639 | INFO     | __main__:first_part_thread:12 - Starting 3 thread...
2023-03-18 18:27:08.649 | INFO     | __main__:second_part_thread:22 - Starting 3 thread...
2023-03-18 18:27:08.661 | SUCCESS  | __main__:first_part_thread:19 - Finishing 3 thread...
2023-03-18 18:27:08.671 | SUCCESS  | __main__:second_part_thread:29 - Finishing 3 thread...
2023-03-18 18:27:08.683 | INFO     | __main__:final_part_thread:32 - Starting 3 thread...
2023-03-18 18:27:08.713 | SUCCESS  | __main__:final_part_thread:40 - Finishing 3 thread...
2023-03-18 18:27:08.721 | INFO     | __main__:first_part_thread:12 - Starting 4 thread...
2023-03-18 18:27:08.722 | INFO     | __main__:second_part_thread:22 - Starting 4 thread...
2023-03-18 18:27:08.738 | SUCCESS  | __main__:first_part_thread:19 - Finishing 4 thread...
2023-03-18 18:27:08.749 | SUCCESS  | __main__:second_part_thread:29 - Finishing 4 thread...
2023-03-18 18:27:08.766 | INFO     | __main__:final_part_thread:32 - Starting 4 thread...
2023-03-18 18:27:08.776 | SUCCESS  | __main__:final_part_thread:40 - Finishing 4 thread...
2023-03-18 18:27:08.778 | INFO     | __main__:first_part_thread:12 - Starting 5 thread...
2023-03-18 18:27:08.797 | SUCCESS  | __main__:first_part_thread:19 - Finishing 5 thread...
2023-03-18 18:27:08.802 | INFO     | __main__:second_part_thread:22 - Starting 5 thread...
2023-03-18 18:27:08.829 | SUCCESS  | __main__:second_part_thread:29 - Finishing 5 thread...
2023-03-18 18:27:08.830 | INFO     | __main__:final_part_thread:32 - Starting 5 thread...
2023-03-18 18:27:08.848 | SUCCESS  | __main__:final_part_thread:40 - Finishing 5 thread...
2023-03-18 18:27:08.872 | INFO     | __main__:first_part_thread:12 - Starting 6 thread...
2023-03-18 18:27:08.873 | INFO     | __main__:second_part_thread:22 - Starting 6 thread...
2023-03-18 18:27:08.918 | SUCCESS  | __main__:first_part_thread:19 - Finishing 6 thread...
2023-03-18 18:27:08.933 | SUCCESS  | __main__:second_part_thread:29 - Finishing 6 thread...
2023-03-18 18:27:08.945 | INFO     | __main__:final_part_thread:32 - Starting 6 thread...
2023-03-18 18:27:08.948 | SUCCESS  | __main__:final_part_thread:40 - Finishing 6 thread...
2023-03-18 18:27:08.959 | INFO     | __main__:first_part_thread:12 - Starting 7 thread...
2023-03-18 18:27:08.964 | INFO     | __main__:second_part_thread:22 - Starting 7 thread...
2023-03-18 18:27:09.016 | SUCCESS  | __main__:first_part_thread:19 - Finishing 7 thread...
2023-03-18 18:27:09.027 | SUCCESS  | __main__:second_part_thread:29 - Finishing 7 thread...
2023-03-18 18:27:09.040 | INFO     | __main__:final_part_thread:32 - Starting 7 thread...
2023-03-18 18:27:09.046 | SUCCESS  | __main__:final_part_thread:40 - Finishing 7 thread...
2023-03-18 18:27:09.066 | INFO     | __main__:first_part_thread:12 - Starting 8 thread...
2023-03-18 18:27:09.083 | INFO     | __main__:second_part_thread:22 - Starting 8 thread...
2023-03-18 18:27:09.133 | SUCCESS  | __main__:first_part_thread:19 - Finishing 8 thread...
2023-03-18 18:27:09.173 | SUCCESS  | __main__:second_part_thread:29 - Finishing 8 thread...
2023-03-18 18:27:09.208 | INFO     | __main__:final_part_thread:32 - Starting 8 thread...
2023-03-18 18:27:09.224 | SUCCESS  | __main__:final_part_thread:40 - Finishing 8 thread...
2023-03-18 18:27:09.238 | INFO     | __main__:first_part_thread:12 - Starting 9 thread...
2023-03-18 18:27:09.242 | INFO     | __main__:second_part_thread:22 - Starting 9 thread...
2023-03-18 18:27:09.290 | SUCCESS  | __main__:first_part_thread:19 - Finishing 9 thread...
2023-03-18 18:27:09.310 | SUCCESS  | __main__:second_part_thread:29 - Finishing 9 thread...
2023-03-18 18:27:09.313 | INFO     | __main__:final_part_thread:32 - Starting 9 thread...
2023-03-18 18:27:09.315 | SUCCESS  | __main__:final_part_thread:40 - Finishing 9 thread...
2023-03-18 18:27:09.320 | INFO     | __main__:first_part_thread:12 - Starting 10 thread...
2023-03-18 18:27:09.353 | INFO     | __main__:second_part_thread:22 - Starting 10 thread...
2023-03-18 18:27:09.355 | SUCCESS  | __main__:first_part_thread:19 - Finishing 10 thread...
2023-03-18 18:27:09.391 | SUCCESS  | __main__:second_part_thread:29 - Finishing 10 thread...
2023-03-18 18:27:09.397 | INFO     | __main__:final_part_thread:32 - Starting 10 thread...
2023-03-18 18:27:09.404 | SUCCESS  | __main__:final_part_thread:40 - Finishing 10 thread...
2023-03-18 18:27:09.423 | INFO     | __main__:first_part_thread:12 - Starting 11 thread...
2023-03-18 18:27:09.448 | INFO     | __main__:second_part_thread:22 - Starting 11 thread...
2023-03-18 18:27:09.452 | SUCCESS  | __main__:first_part_thread:19 - Finishing 11 thread...
2023-03-18 18:27:09.472 | SUCCESS  | __main__:second_part_thread:29 - Finishing 11 thread...
2023-03-18 18:27:09.474 | INFO     | __main__:final_part_thread:32 - Starting 11 thread...
2023-03-18 18:27:09.480 | SUCCESS  | __main__:final_part_thread:40 - Finishing 11 thread...
2023-03-18 18:27:09.495 | INFO     | __main__:first_part_thread:12 - Starting 12 thread...
2023-03-18 18:27:09.500 | INFO     | __main__:second_part_thread:22 - Starting 12 thread...
2023-03-18 18:27:09.533 | SUCCESS  | __main__:first_part_thread:19 - Finishing 12 thread...
2023-03-18 18:27:09.539 | SUCCESS  | __main__:second_part_thread:29 - Finishing 12 thread...
2023-03-18 18:27:09.547 | INFO     | __main__:final_part_thread:32 - Starting 12 thread...
2023-03-18 18:27:09.652 | SUCCESS  | __main__:final_part_thread:40 - Finishing 12 thread...
2023-03-18 18:27:09.673 | INFO     | __main__:first_part_thread:12 - Starting 13 thread...
2023-03-18 18:27:09.689 | INFO     | __main__:second_part_thread:22 - Starting 13 thread...
2023-03-18 18:27:09.703 | SUCCESS  | __main__:first_part_thread:19 - Finishing 13 thread...
2023-03-18 18:27:09.723 | SUCCESS  | __main__:second_part_thread:29 - Finishing 13 thread...
2023-03-18 18:27:09.729 | INFO     | __main__:final_part_thread:32 - Starting 13 thread...
2023-03-18 18:27:09.736 | SUCCESS  | __main__:final_part_thread:40 - Finishing 13 thread...
2023-03-18 18:27:09.761 | INFO     | __main__:first_part_thread:12 - Starting 14 thread...
2023-03-18 18:27:09.773 | INFO     | __main__:second_part_thread:22 - Starting 14 thread...
2023-03-18 18:27:09.776 | SUCCESS  | __main__:first_part_thread:19 - Finishing 14 thread...
2023-03-18 18:27:09.788 | SUCCESS  | __main__:second_part_thread:29 - Finishing 14 thread...
2023-03-18 18:27:09.802 | INFO     | __main__:final_part_thread:32 - Starting 14 thread...
2023-03-18 18:27:09.808 | SUCCESS  | __main__:final_part_thread:40 - Finishing 14 thread...
2023-03-18 18:27:09.822 | INFO     | __main__:first_part_thread:12 - Starting 15 thread...
2023-03-18 18:27:09.845 | INFO     | __main__:second_part_thread:22 - Starting 15 thread...
2023-03-18 18:27:09.869 | SUCCESS  | __main__:first_part_thread:19 - Finishing 15 thread...
2023-03-18 18:27:09.884 | SUCCESS  | __main__:second_part_thread:29 - Finishing 15 thread...
2023-03-18 18:27:09.891 | INFO     | __main__:final_part_thread:32 - Starting 15 thread...
2023-03-18 18:27:09.915 | SUCCESS  | __main__:final_part_thread:40 - Finishing 15 thread...
2023-03-18 18:27:09.927 | INFO     | __main__:first_part_thread:12 - Starting 16 thread...
2023-03-18 18:27:09.931 | INFO     | __main__:second_part_thread:22 - Starting 16 thread...
2023-03-18 18:27:09.949 | SUCCESS  | __main__:first_part_thread:19 - Finishing 16 thread...
2023-03-18 18:27:09.984 | SUCCESS  | __main__:second_part_thread:29 - Finishing 16 thread...
2023-03-18 18:27:09.987 | INFO     | __main__:final_part_thread:32 - Starting 16 thread...
2023-03-18 18:27:09.991 | SUCCESS  | __main__:final_part_thread:40 - Finishing 16 thread...
2023-03-18 18:27:10.036 | INFO     | __main__:first_part_thread:12 - Starting 17 thread...
2023-03-18 18:27:10.037 | INFO     | __main__:second_part_thread:22 - Starting 17 thread...
2023-03-18 18:27:10.080 | SUCCESS  | __main__:first_part_thread:19 - Finishing 17 thread...
2023-03-18 18:27:10.115 | SUCCESS  | __main__:second_part_thread:29 - Finishing 17 thread...
2023-03-18 18:27:10.122 | INFO     | __main__:final_part_thread:32 - Starting 17 thread...
2023-03-18 18:27:10.145 | SUCCESS  | __main__:final_part_thread:40 - Finishing 17 thread...
2023-03-18 18:27:10.153 | INFO     | __main__:first_part_thread:12 - Starting 18 thread...
2023-03-18 18:27:10.189 | INFO     | __main__:second_part_thread:22 - Starting 18 thread...
2023-03-18 18:27:10.197 | SUCCESS  | __main__:first_part_thread:19 - Finishing 18 thread...
2023-03-18 18:27:10.220 | SUCCESS  | __main__:second_part_thread:29 - Finishing 18 thread...
2023-03-18 18:27:10.247 | INFO     | __main__:final_part_thread:32 - Starting 18 thread...
2023-03-18 18:27:10.261 | SUCCESS  | __main__:final_part_thread:40 - Finishing 18 thread...
2023-03-18 18:27:10.288 | INFO     | __main__:first_part_thread:12 - Starting 19 thread...
2023-03-18 18:27:10.316 | INFO     | __main__:second_part_thread:22 - Starting 19 thread...
2023-03-18 18:27:10.345 | SUCCESS  | __main__:first_part_thread:19 - Finishing 19 thread...
2023-03-18 18:27:10.369 | SUCCESS  | __main__:second_part_thread:29 - Finishing 19 thread...
2023-03-18 18:27:10.375 | INFO     | __main__:final_part_thread:32 - Starting 19 thread...
2023-03-18 18:27:10.384 | SUCCESS  | __main__:final_part_thread:40 - Finishing 19 thread...
2023-03-18 18:27:10.398 | INFO     | __main__:first_part_thread:12 - Starting 20 thread...
2023-03-18 18:27:10.405 | INFO     | __main__:second_part_thread:22 - Starting 20 thread...
2023-03-18 18:27:10.412 | SUCCESS  | __main__:first_part_thread:19 - Finishing 20 thread...
2023-03-18 18:27:10.451 | SUCCESS  | __main__:second_part_thread:29 - Finishing 20 thread...
2023-03-18 18:27:10.458 | INFO     | __main__:final_part_thread:32 - Starting 20 thread...
2023-03-18 18:27:10.464 | SUCCESS  | __main__:final_part_thread:40 - Finishing 20 thread...
2023-03-18 18:27:10.475 | INFO     | __main__:first_part_thread:12 - Starting 21 thread...
2023-03-18 18:27:10.503 | INFO     | __main__:second_part_thread:22 - Starting 21 thread...
2023-03-18 18:27:10.515 | SUCCESS  | __main__:first_part_thread:19 - Finishing 21 thread...
2023-03-18 18:27:10.543 | SUCCESS  | __main__:second_part_thread:29 - Finishing 21 thread...
2023-03-18 18:27:10.558 | INFO     | __main__:final_part_thread:32 - Starting 21 thread...
2023-03-18 18:27:10.567 | SUCCESS  | __main__:final_part_thread:40 - Finishing 21 thread...
2023-03-18 18:27:10.579 | INFO     | __main__:first_part_thread:12 - Starting 22 thread...
2023-03-18 18:27:10.598 | INFO     | __main__:second_part_thread:22 - Starting 22 thread...
2023-03-18 18:27:10.629 | SUCCESS  | __main__:first_part_thread:19 - Finishing 22 thread...
2023-03-18 18:27:10.638 | SUCCESS  | __main__:second_part_thread:29 - Finishing 22 thread...
2023-03-18 18:27:10.657 | INFO     | __main__:final_part_thread:32 - Starting 22 thread...
2023-03-18 18:27:10.665 | SUCCESS  | __main__:final_part_thread:40 - Finishing 22 thread...
2023-03-18 18:27:10.682 | INFO     | __main__:first_part_thread:12 - Starting 23 thread...
2023-03-18 18:27:10.683 | INFO     | __main__:second_part_thread:22 - Starting 23 thread...
2023-03-18 18:27:10.715 | SUCCESS  | __main__:first_part_thread:19 - Finishing 23 thread...
2023-03-18 18:27:10.728 | SUCCESS  | __main__:second_part_thread:29 - Finishing 23 thread...
2023-03-18 18:27:10.743 | INFO     | __main__:final_part_thread:32 - Starting 23 thread...
2023-03-18 18:27:10.751 | SUCCESS  | __main__:final_part_thread:40 - Finishing 23 thread...
2023-03-18 18:27:10.791 | INFO     | __main__:first_part_thread:12 - Starting 24 thread...
2023-03-18 18:27:10.792 | INFO     | __main__:second_part_thread:22 - Starting 24 thread...
2023-03-18 18:27:10.859 | SUCCESS  | __main__:first_part_thread:19 - Finishing 24 thread...
2023-03-18 18:27:10.868 | SUCCESS  | __main__:second_part_thread:29 - Finishing 24 thread...
2023-03-18 18:27:10.890 | INFO     | __main__:final_part_thread:32 - Starting 24 thread...
2023-03-18 18:27:10.902 | SUCCESS  | __main__:final_part_thread:40 - Finishing 24 thread...
2023-03-18 18:27:10.913 | INFO     | __main__:first_part_thread:12 - Starting 25 thread...
2023-03-18 18:27:10.913 | INFO     | __main__:second_part_thread:22 - Starting 25 thread...
2023-03-18 18:27:10.969 | SUCCESS  | __main__:first_part_thread:19 - Finishing 25 thread...
2023-03-18 18:27:10.977 | SUCCESS  | __main__:second_part_thread:29 - Finishing 25 thread...
2023-03-18 18:27:11.009 | INFO     | __main__:final_part_thread:32 - Starting 25 thread...
2023-03-18 18:27:11.016 | SUCCESS  | __main__:final_part_thread:40 - Finishing 25 thread...
2023-03-18 18:27:11.027 | INFO     | __main__:first_part_thread:12 - Starting 26 thread...
2023-03-18 18:27:11.030 | INFO     | __main__:second_part_thread:22 - Starting 26 thread...
2023-03-18 18:27:11.082 | SUCCESS  | __main__:first_part_thread:19 - Finishing 26 thread...
2023-03-18 18:27:11.089 | SUCCESS  | __main__:second_part_thread:29 - Finishing 26 thread...
2023-03-18 18:27:11.104 | INFO     | __main__:final_part_thread:32 - Starting 26 thread...
2023-03-18 18:27:11.116 | SUCCESS  | __main__:final_part_thread:40 - Finishing 26 thread...
2023-03-18 18:27:11.123 | INFO     | __main__:first_part_thread:12 - Starting 27 thread...
2023-03-18 18:27:11.125 | INFO     | __main__:second_part_thread:22 - Starting 27 thread...
2023-03-18 18:27:11.174 | SUCCESS  | __main__:first_part_thread:19 - Finishing 27 thread...
2023-03-18 18:27:11.181 | SUCCESS  | __main__:second_part_thread:29 - Finishing 27 thread...
2023-03-18 18:27:11.198 | INFO     | __main__:final_part_thread:32 - Starting 27 thread...
2023-03-18 18:27:11.218 | SUCCESS  | __main__:final_part_thread:40 - Finishing 27 thread...
2023-03-18 18:27:11.225 | INFO     | __main__:first_part_thread:12 - Starting 28 thread...
2023-03-18 18:27:11.226 | INFO     | __main__:second_part_thread:22 - Starting 28 thread...
2023-03-18 18:27:11.274 | SUCCESS  | __main__:first_part_thread:19 - Finishing 28 thread...
2023-03-18 18:27:11.288 | SUCCESS  | __main__:second_part_thread:29 - Finishing 28 thread...
2023-03-18 18:27:11.309 | INFO     | __main__:final_part_thread:32 - Starting 28 thread...
2023-03-18 18:27:11.315 | SUCCESS  | __main__:final_part_thread:40 - Finishing 28 thread...
2023-03-18 18:27:11.323 | INFO     | __main__:first_part_thread:12 - Starting 29 thread...
2023-03-18 18:27:11.323 | INFO     | __main__:second_part_thread:22 - Starting 29 thread...
2023-03-18 18:27:11.366 | SUCCESS  | __main__:first_part_thread:19 - Finishing 29 thread...
2023-03-18 18:27:11.393 | SUCCESS  | __main__:second_part_thread:29 - Finishing 29 thread...
2023-03-18 18:27:11.406 | INFO     | __main__:final_part_thread:32 - Starting 29 thread...
2023-03-18 18:27:11.414 | SUCCESS  | __main__:final_part_thread:40 - Finishing 29 thread...
2023-03-18 18:27:11.425 | INFO     | __main__:first_part_thread:12 - Starting 30 thread...
2023-03-18 18:27:11.426 | INFO     | __main__:second_part_thread:22 - Starting 30 thread...
2023-03-18 18:27:11.489 | SUCCESS  | __main__:first_part_thread:19 - Finishing 30 thread...
2023-03-18 18:27:11.497 | SUCCESS  | __main__:second_part_thread:29 - Finishing 30 thread...
2023-03-18 18:27:11.514 | INFO     | __main__:final_part_thread:32 - Starting 30 thread...
2023-03-18 18:27:11.521 | SUCCESS  | __main__:final_part_thread:40 - Finishing 30 thread...
2023-03-18 18:27:11.529 | INFO     | __main__:first_part_thread:12 - Starting 31 thread...
2023-03-18 18:27:11.530 | INFO     | __main__:second_part_thread:22 - Starting 31 thread...
2023-03-18 18:27:11.572 | SUCCESS  | __main__:first_part_thread:19 - Finishing 31 thread...
2023-03-18 18:27:11.581 | SUCCESS  | __main__:second_part_thread:29 - Finishing 31 thread...
2023-03-18 18:27:11.603 | INFO     | __main__:final_part_thread:32 - Starting 31 thread...
2023-03-18 18:27:11.610 | SUCCESS  | __main__:final_part_thread:40 - Finishing 31 thread...
2023-03-18 18:27:11.622 | INFO     | __main__:first_part_thread:12 - Starting 32 thread...
2023-03-18 18:27:11.624 | INFO     | __main__:second_part_thread:22 - Starting 32 thread...
2023-03-18 18:27:11.677 | SUCCESS  | __main__:first_part_thread:19 - Finishing 32 thread...
2023-03-18 18:27:11.688 | SUCCESS  | __main__:second_part_thread:29 - Finishing 32 thread...
2023-03-18 18:27:11.704 | INFO     | __main__:final_part_thread:32 - Starting 32 thread...
2023-03-18 18:27:11.715 | SUCCESS  | __main__:final_part_thread:40 - Finishing 32 thread...
2023-03-18 18:27:11.728 | INFO     | __main__:first_part_thread:12 - Starting 33 thread...
2023-03-18 18:27:11.729 | INFO     | __main__:second_part_thread:22 - Starting 33 thread...
2023-03-18 18:27:11.787 | SUCCESS  | __main__:first_part_thread:19 - Finishing 33 thread...
2023-03-18 18:27:11.797 | SUCCESS  | __main__:second_part_thread:29 - Finishing 33 thread...
2023-03-18 18:27:11.811 | INFO     | __main__:final_part_thread:32 - Starting 33 thread...
2023-03-18 18:27:11.816 | SUCCESS  | __main__:final_part_thread:40 - Finishing 33 thread...
2023-03-18 18:27:11.822 | INFO     | __main__:second_part_thread:22 - Starting 34 thread...
2023-03-18 18:27:11.821 | INFO     | __main__:first_part_thread:12 - Starting 34 thread...
2023-03-18 18:27:11.895 | SUCCESS  | __main__:second_part_thread:29 - Finishing 34 thread...
2023-03-18 18:27:11.917 | SUCCESS  | __main__:first_part_thread:19 - Finishing 34 thread...
2023-03-18 18:27:11.920 | INFO     | __main__:final_part_thread:32 - Starting 34 thread...
2023-03-18 18:27:11.925 | SUCCESS  | __main__:final_part_thread:40 - Finishing 34 thread...
2023-03-18 18:27:11.932 | INFO     | __main__:first_part_thread:12 - Starting 35 thread...
2023-03-18 18:27:11.935 | INFO     | __main__:second_part_thread:22 - Starting 35 thread...
2023-03-18 18:27:11.969 | SUCCESS  | __main__:first_part_thread:19 - Finishing 35 thread...
2023-03-18 18:27:11.978 | SUCCESS  | __main__:second_part_thread:29 - Finishing 35 thread...
2023-03-18 18:27:11.993 | INFO     | __main__:final_part_thread:32 - Starting 35 thread...
2023-03-18 18:27:11.997 | SUCCESS  | __main__:final_part_thread:40 - Finishing 35 thread...
2023-03-18 18:27:12.002 | INFO     | __main__:first_part_thread:12 - Starting 36 thread...
2023-03-18 18:27:12.006 | INFO     | __main__:second_part_thread:22 - Starting 36 thread...
2023-03-18 18:27:12.042 | SUCCESS  | __main__:first_part_thread:19 - Finishing 36 thread...
2023-03-18 18:27:12.059 | SUCCESS  | __main__:second_part_thread:29 - Finishing 36 thread...
2023-03-18 18:27:12.062 | INFO     | __main__:final_part_thread:32 - Starting 36 thread...
2023-03-18 18:27:12.071 | SUCCESS  | __main__:final_part_thread:40 - Finishing 36 thread...
2023-03-18 18:27:12.085 | INFO     | __main__:first_part_thread:12 - Starting 37 thread...
2023-03-18 18:27:12.088 | INFO     | __main__:second_part_thread:22 - Starting 37 thread...
2023-03-18 18:27:12.136 | SUCCESS  | __main__:first_part_thread:19 - Finishing 37 thread...
2023-03-18 18:27:12.160 | SUCCESS  | __main__:second_part_thread:29 - Finishing 37 thread...
2023-03-18 18:27:12.169 | INFO     | __main__:final_part_thread:32 - Starting 37 thread...
2023-03-18 18:27:12.191 | SUCCESS  | __main__:final_part_thread:40 - Finishing 37 thread...
2023-03-18 18:27:12.202 | INFO     | __main__:first_part_thread:12 - Starting 38 thread...
2023-03-18 18:27:12.204 | INFO     | __main__:second_part_thread:22 - Starting 38 thread...
2023-03-18 18:27:12.307 | SUCCESS  | __main__:first_part_thread:19 - Finishing 38 thread...
2023-03-18 18:27:12.331 | SUCCESS  | __main__:second_part_thread:29 - Finishing 38 thread...
2023-03-18 18:27:12.349 | INFO     | __main__:final_part_thread:32 - Starting 38 thread...
2023-03-18 18:27:12.360 | SUCCESS  | __main__:final_part_thread:40 - Finishing 38 thread...
2023-03-18 18:27:12.373 | INFO     | __main__:first_part_thread:12 - Starting 39 thread...
2023-03-18 18:27:12.375 | INFO     | __main__:second_part_thread:22 - Starting 39 thread...
2023-03-18 18:27:12.402 | SUCCESS  | __main__:first_part_thread:19 - Finishing 39 thread...
2023-03-18 18:27:12.439 | SUCCESS  | __main__:second_part_thread:29 - Finishing 39 thread...
2023-03-18 18:27:12.444 | INFO     | __main__:final_part_thread:32 - Starting 39 thread...
2023-03-18 18:27:12.449 | SUCCESS  | __main__:final_part_thread:40 - Finishing 39 thread...
2023-03-18 18:27:12.460 | INFO     | __main__:first_part_thread:12 - Starting 40 thread...
2023-03-18 18:27:12.464 | INFO     | __main__:second_part_thread:22 - Starting 40 thread...
2023-03-18 18:27:12.521 | SUCCESS  | __main__:first_part_thread:19 - Finishing 40 thread...
2023-03-18 18:27:12.558 | SUCCESS  | __main__:second_part_thread:29 - Finishing 40 thread...
2023-03-18 18:27:12.568 | INFO     | __main__:final_part_thread:32 - Starting 40 thread...
2023-03-18 18:27:12.592 | SUCCESS  | __main__:final_part_thread:40 - Finishing 40 thread...
2023-03-18 18:27:12.605 | INFO     | __main__:first_part_thread:12 - Starting 41 thread...
2023-03-18 18:27:12.647 | INFO     | __main__:second_part_thread:22 - Starting 41 thread...
2023-03-18 18:27:12.657 | SUCCESS  | __main__:first_part_thread:19 - Finishing 41 thread...
2023-03-18 18:27:12.689 | SUCCESS  | __main__:second_part_thread:29 - Finishing 41 thread...
2023-03-18 18:27:12.698 | INFO     | __main__:final_part_thread:32 - Starting 41 thread...
2023-03-18 18:27:12.702 | SUCCESS  | __main__:final_part_thread:40 - Finishing 41 thread...
2023-03-18 18:27:12.719 | INFO     | __main__:first_part_thread:12 - Starting 42 thread...
2023-03-18 18:27:12.734 | INFO     | __main__:second_part_thread:22 - Starting 42 thread...
2023-03-18 18:27:12.798 | SUCCESS  | __main__:first_part_thread:19 - Finishing 42 thread...
2023-03-18 18:27:12.820 | SUCCESS  | __main__:second_part_thread:29 - Finishing 42 thread...
2023-03-18 18:27:12.847 | INFO     | __main__:final_part_thread:32 - Starting 42 thread...
2023-03-18 18:27:12.852 | SUCCESS  | __main__:final_part_thread:40 - Finishing 42 thread...
2023-03-18 18:27:12.860 | INFO     | __main__:first_part_thread:12 - Starting 43 thread...
2023-03-18 18:27:12.865 | INFO     | __main__:second_part_thread:22 - Starting 43 thread...
2023-03-18 18:27:12.946 | SUCCESS  | __main__:first_part_thread:19 - Finishing 43 thread...
2023-03-18 18:27:12.966 | SUCCESS  | __main__:second_part_thread:29 - Finishing 43 thread...
2023-03-18 18:27:12.976 | INFO     | __main__:final_part_thread:32 - Starting 43 thread...
2023-03-18 18:27:12.982 | SUCCESS  | __main__:final_part_thread:40 - Finishing 43 thread...
2023-03-18 18:27:13.004 | INFO     | __main__:first_part_thread:12 - Starting 44 thread...
2023-03-18 18:27:13.005 | INFO     | __main__:second_part_thread:22 - Starting 44 thread...
2023-03-18 18:27:13.075 | SUCCESS  | __main__:first_part_thread:19 - Finishing 44 thread...
2023-03-18 18:27:13.117 | SUCCESS  | __main__:second_part_thread:29 - Finishing 44 thread...
2023-03-18 18:27:13.130 | INFO     | __main__:final_part_thread:32 - Starting 44 thread...
2023-03-18 18:27:13.166 | SUCCESS  | __main__:final_part_thread:40 - Finishing 44 thread...
2023-03-18 18:27:13.188 | INFO     | __main__:first_part_thread:12 - Starting 45 thread...
2023-03-18 18:27:13.191 | INFO     | __main__:second_part_thread:22 - Starting 45 thread...
2023-03-18 18:27:13.234 | SUCCESS  | __main__:first_part_thread:19 - Finishing 45 thread...
2023-03-18 18:27:13.294 | SUCCESS  | __main__:second_part_thread:29 - Finishing 45 thread...
2023-03-18 18:27:13.301 | INFO     | __main__:final_part_thread:32 - Starting 45 thread...
2023-03-18 18:27:13.306 | SUCCESS  | __main__:final_part_thread:40 - Finishing 45 thread...
2023-03-18 18:27:13.344 | INFO     | __main__:first_part_thread:12 - Starting 46 thread...
2023-03-18 18:27:13.346 | INFO     | __main__:second_part_thread:22 - Starting 46 thread...
2023-03-18 18:27:13.409 | SUCCESS  | __main__:first_part_thread:19 - Finishing 46 thread...
2023-03-18 18:27:13.419 | SUCCESS  | __main__:second_part_thread:29 - Finishing 46 thread...
2023-03-18 18:27:13.442 | INFO     | __main__:final_part_thread:32 - Starting 46 thread...
2023-03-18 18:27:13.474 | SUCCESS  | __main__:final_part_thread:40 - Finishing 46 thread...
2023-03-18 18:27:13.482 | INFO     | __main__:first_part_thread:12 - Starting 47 thread...
2023-03-18 18:27:13.497 | INFO     | __main__:second_part_thread:22 - Starting 47 thread...
2023-03-18 18:27:13.508 | SUCCESS  | __main__:first_part_thread:19 - Finishing 47 thread...
2023-03-18 18:27:13.584 | SUCCESS  | __main__:second_part_thread:29 - Finishing 47 thread...
2023-03-18 18:27:13.601 | INFO     | __main__:final_part_thread:32 - Starting 47 thread...
2023-03-18 18:27:13.619 | SUCCESS  | __main__:final_part_thread:40 - Finishing 47 thread...
2023-03-18 18:27:13.624 | INFO     | __main__:first_part_thread:12 - Starting 48 thread...
2023-03-18 18:27:13.627 | INFO     | __main__:second_part_thread:22 - Starting 48 thread...
2023-03-18 18:27:13.660 | SUCCESS  | __main__:first_part_thread:19 - Finishing 48 thread...
2023-03-18 18:27:13.679 | SUCCESS  | __main__:second_part_thread:29 - Finishing 48 thread...
2023-03-18 18:27:13.688 | INFO     | __main__:final_part_thread:32 - Starting 48 thread...
2023-03-18 18:27:13.724 | SUCCESS  | __main__:final_part_thread:40 - Finishing 48 thread...
2023-03-18 18:27:13.736 | INFO     | __main__:first_part_thread:12 - Starting 49 thread...
2023-03-18 18:27:13.737 | INFO     | __main__:second_part_thread:22 - Starting 49 thread...
2023-03-18 18:27:13.795 | SUCCESS  | __main__:first_part_thread:19 - Finishing 49 thread...
2023-03-18 18:27:13.844 | SUCCESS  | __main__:second_part_thread:29 - Finishing 49 thread...
2023-03-18 18:27:13.852 | INFO     | __main__:final_part_thread:32 - Starting 49 thread...
2023-03-18 18:27:13.859 | SUCCESS  | __main__:final_part_thread:40 - Finishing 49 thread...
2023-03-18 18:27:13.868 | INFO     | __main__:first_part_thread:12 - Starting 50 thread...
2023-03-18 18:27:13.869 | INFO     | __main__:second_part_thread:22 - Starting 50 thread...
2023-03-18 18:27:13.919 | SUCCESS  | __main__:first_part_thread:19 - Finishing 50 thread...
2023-03-18 18:27:13.933 | SUCCESS  | __main__:second_part_thread:29 - Finishing 50 thread...
2023-03-18 18:27:13.955 | INFO     | __main__:final_part_thread:32 - Starting 50 thread...
2023-03-18 18:27:13.966 | SUCCESS  | __main__:final_part_thread:40 - Finishing 50 thread...
2023-03-18 18:27:13.976 | INFO     | __main__:first_part_thread:12 - Starting 1 thread...
2023-03-18 18:27:13.978 | INFO     | __main__:second_part_thread:22 - Starting 1 thread...
2023-03-18 18:27:13.998 | SUCCESS  | __main__:first_part_thread:19 - Finishing 1 thread...
2023-03-18 18:27:14.003 | SUCCESS  | __main__:second_part_thread:29 - Finishing 1 thread...
2023-03-18 18:27:14.023 | INFO     | __main__:final_part_thread:32 - Starting 1 thread...
2023-03-18 18:27:54.513 | INFO     | __main__:first_part_thread:12 - Starting 1 thread...
2023-03-18 18:27:54.523 | INFO     | __main__:second_part_thread:22 - Starting 1 thread...
2023-03-18 18:28:42.491 | INFO     | __main__:first_part_thread:12 - Starting 1 thread...
2023-03-18 18:28:42.503 | INFO     | __main__:second_part_thread:22 - Starting 1 thread...
2023-03-18 18:28:42.511 | SUCCESS  | __main__:first_part_thread:19 - Finishing 1 thread...
2023-03-18 18:28:42.519 | SUCCESS  | __main__:second_part_thread:29 - Finishing 1 thread...
2023-03-18 18:28:42.521 | INFO     | __main__:final_part_thread:32 - Starting 1 thread...
2023-03-18 18:28:42.525 | SUCCESS  | __main__:final_part_thread:40 - Finishing 1 thread...
2023-03-18 18:28:42.531 | INFO     | __main__:first_part_thread:12 - Starting 2 thread...
2023-03-18 18:28:42.537 | INFO     | __main__:second_part_thread:22 - Starting 2 thread...
2023-03-18 18:28:42.547 | SUCCESS  | __main__:first_part_thread:19 - Finishing 2 thread...
2023-03-18 18:28:42.551 | SUCCESS  | __main__:second_part_thread:29 - Finishing 2 thread...
2023-03-18 18:28:42.557 | INFO     | __main__:final_part_thread:32 - Starting 2 thread...
2023-03-18 18:28:42.560 | SUCCESS  | __main__:final_part_thread:40 - Finishing 2 thread...
2023-03-18 18:28:42.566 | INFO     | __main__:first_part_thread:12 - Starting 3 thread...
2023-03-18 18:28:42.567 | INFO     | __main__:second_part_thread:22 - Starting 3 thread...
2023-03-18 18:28:42.578 | SUCCESS  | __main__:first_part_thread:19 - Finishing 3 thread...
2023-03-18 18:28:42.592 | SUCCESS  | __main__:second_part_thread:29 - Finishing 3 thread...
2023-03-18 18:28:42.596 | INFO     | __main__:final_part_thread:32 - Starting 3 thread...
2023-03-18 18:28:42.600 | SUCCESS  | __main__:final_part_thread:40 - Finishing 3 thread...
2023-03-18 18:28:42.611 | INFO     | __main__:first_part_thread:12 - Starting 4 thread...
2023-03-18 18:28:42.620 | INFO     | __main__:second_part_thread:22 - Starting 4 thread...
2023-03-18 18:28:42.628 | SUCCESS  | __main__:first_part_thread:19 - Finishing 4 thread...
2023-03-18 18:28:42.665 | SUCCESS  | __main__:second_part_thread:29 - Finishing 4 thread...
2023-03-18 18:28:42.678 | INFO     | __main__:final_part_thread:32 - Starting 4 thread...
2023-03-18 18:28:42.686 | SUCCESS  | __main__:final_part_thread:40 - Finishing 4 thread...
2023-03-18 18:28:42.781 | INFO     | __main__:first_part_thread:12 - Starting 5 thread...
2023-03-18 18:28:42.790 | INFO     | __main__:second_part_thread:22 - Starting 5 thread...
2023-03-18 18:28:42.797 | SUCCESS  | __main__:first_part_thread:19 - Finishing 5 thread...
2023-03-18 18:28:42.805 | SUCCESS  | __main__:second_part_thread:29 - Finishing 5 thread...
2023-03-18 18:28:42.808 | INFO     | __main__:final_part_thread:32 - Starting 5 thread...
2023-03-18 18:28:42.812 | SUCCESS  | __main__:final_part_thread:40 - Finishing 5 thread...
2023-03-18 18:28:42.815 | INFO     | __main__:first_part_thread:12 - Starting 6 thread...
2023-03-18 18:28:42.832 | INFO     | __main__:second_part_thread:22 - Starting 6 thread...
2023-03-18 18:28:42.836 | SUCCESS  | __main__:first_part_thread:19 - Finishing 6 thread...
2023-03-18 18:28:42.844 | SUCCESS  | __main__:second_part_thread:29 - Finishing 6 thread...
2023-03-18 18:28:42.846 | INFO     | __main__:final_part_thread:32 - Starting 6 thread...
2023-03-18 18:28:42.849 | SUCCESS  | __main__:final_part_thread:40 - Finishing 6 thread...
2023-03-18 18:28:42.854 | INFO     | __main__:first_part_thread:12 - Starting 7 thread...
2023-03-18 18:28:42.872 | INFO     | __main__:second_part_thread:22 - Starting 7 thread...
2023-03-18 18:28:42.881 | SUCCESS  | __main__:first_part_thread:19 - Finishing 7 thread...
2023-03-18 18:28:42.891 | SUCCESS  | __main__:second_part_thread:29 - Finishing 7 thread...
2023-03-18 18:28:42.895 | INFO     | __main__:final_part_thread:32 - Starting 7 thread...
2023-03-18 18:28:42.898 | SUCCESS  | __main__:final_part_thread:40 - Finishing 7 thread...
2023-03-18 18:28:42.905 | INFO     | __main__:first_part_thread:12 - Starting 8 thread...
2023-03-18 18:28:42.916 | INFO     | __main__:second_part_thread:22 - Starting 8 thread...
2023-03-18 18:28:42.927 | SUCCESS  | __main__:first_part_thread:19 - Finishing 8 thread...
2023-03-18 18:28:42.939 | SUCCESS  | __main__:second_part_thread:29 - Finishing 8 thread...
2023-03-18 18:28:42.943 | INFO     | __main__:final_part_thread:32 - Starting 8 thread...
2023-03-18 18:28:42.946 | SUCCESS  | __main__:final_part_thread:40 - Finishing 8 thread...
2023-03-18 18:28:42.952 | INFO     | __main__:first_part_thread:12 - Starting 9 thread...
2023-03-18 18:28:42.953 | INFO     | __main__:second_part_thread:22 - Starting 9 thread...
2023-03-18 18:28:42.980 | SUCCESS  | __main__:first_part_thread:19 - Finishing 9 thread...
2023-03-18 18:28:42.988 | SUCCESS  | __main__:second_part_thread:29 - Finishing 9 thread...
2023-03-18 18:28:43.001 | INFO     | __main__:final_part_thread:32 - Starting 9 thread...
2023-03-18 18:28:43.017 | SUCCESS  | __main__:final_part_thread:40 - Finishing 9 thread...
2023-03-18 18:28:43.034 | INFO     | __main__:first_part_thread:12 - Starting 10 thread...
2023-03-18 18:28:43.042 | INFO     | __main__:second_part_thread:22 - Starting 10 thread...
2023-03-18 18:28:43.044 | SUCCESS  | __main__:first_part_thread:19 - Finishing 10 thread...
2023-03-18 18:28:43.062 | SUCCESS  | __main__:second_part_thread:29 - Finishing 10 thread...
2023-03-18 18:28:43.067 | INFO     | __main__:final_part_thread:32 - Starting 10 thread...
2023-03-18 18:28:43.071 | SUCCESS  | __main__:final_part_thread:40 - Finishing 10 thread...
2023-03-18 18:28:43.078 | INFO     | __main__:first_part_thread:12 - Starting 11 thread...
2023-03-18 18:28:43.091 | INFO     | __main__:second_part_thread:22 - Starting 11 thread...
2023-03-18 18:28:43.106 | SUCCESS  | __main__:first_part_thread:19 - Finishing 11 thread...
2023-03-18 18:28:43.111 | SUCCESS  | __main__:second_part_thread:29 - Finishing 11 thread...
2023-03-18 18:28:43.132 | INFO     | __main__:final_part_thread:32 - Starting 11 thread...
2023-03-18 18:28:43.146 | SUCCESS  | __main__:final_part_thread:40 - Finishing 11 thread...
2023-03-18 18:28:43.159 | INFO     | __main__:first_part_thread:12 - Starting 12 thread...
2023-03-18 18:28:43.169 | SUCCESS  | __main__:first_part_thread:19 - Finishing 12 thread...
2023-03-18 18:28:43.176 | INFO     | __main__:second_part_thread:22 - Starting 12 thread...
2023-03-18 18:28:43.186 | SUCCESS  | __main__:second_part_thread:29 - Finishing 12 thread...
2023-03-18 18:28:43.193 | INFO     | __main__:final_part_thread:32 - Starting 12 thread...
2023-03-18 18:28:43.202 | SUCCESS  | __main__:final_part_thread:40 - Finishing 12 thread...
2023-03-18 18:28:43.218 | INFO     | __main__:first_part_thread:12 - Starting 13 thread...
2023-03-18 18:28:43.230 | SUCCESS  | __main__:first_part_thread:19 - Finishing 13 thread...
2023-03-18 18:28:43.233 | INFO     | __main__:second_part_thread:22 - Starting 13 thread...
2023-03-18 18:28:43.247 | SUCCESS  | __main__:second_part_thread:29 - Finishing 13 thread...
2023-03-18 18:28:43.251 | INFO     | __main__:final_part_thread:32 - Starting 13 thread...
2023-03-18 18:28:43.254 | SUCCESS  | __main__:final_part_thread:40 - Finishing 13 thread...
2023-03-18 18:28:43.260 | INFO     | __main__:first_part_thread:12 - Starting 14 thread...
2023-03-18 18:28:43.276 | INFO     | __main__:second_part_thread:22 - Starting 14 thread...
2023-03-18 18:28:43.283 | SUCCESS  | __main__:first_part_thread:19 - Finishing 14 thread...
2023-03-18 18:28:43.290 | SUCCESS  | __main__:second_part_thread:29 - Finishing 14 thread...
2023-03-18 18:28:43.297 | INFO     | __main__:final_part_thread:32 - Starting 14 thread...
2023-03-18 18:28:43.303 | SUCCESS  | __main__:final_part_thread:40 - Finishing 14 thread...
2023-03-18 18:28:43.308 | INFO     | __main__:first_part_thread:12 - Starting 15 thread...
2023-03-18 18:28:43.314 | INFO     | __main__:second_part_thread:22 - Starting 15 thread...
2023-03-18 18:28:43.337 | SUCCESS  | __main__:first_part_thread:19 - Finishing 15 thread...
2023-03-18 18:28:43.342 | SUCCESS  | __main__:second_part_thread:29 - Finishing 15 thread...
2023-03-18 18:28:43.348 | INFO     | __main__:final_part_thread:32 - Starting 15 thread...
2023-03-18 18:28:43.352 | SUCCESS  | __main__:final_part_thread:40 - Finishing 15 thread...
2023-03-18 18:28:43.362 | INFO     | __main__:first_part_thread:12 - Starting 16 thread...
2023-03-18 18:28:43.374 | INFO     | __main__:second_part_thread:22 - Starting 16 thread...
2023-03-18 18:28:43.387 | SUCCESS  | __main__:first_part_thread:19 - Finishing 16 thread...
2023-03-18 18:28:43.405 | SUCCESS  | __main__:second_part_thread:29 - Finishing 16 thread...
2023-03-18 18:28:43.408 | INFO     | __main__:final_part_thread:32 - Starting 16 thread...
2023-03-18 18:28:43.412 | SUCCESS  | __main__:final_part_thread:40 - Finishing 16 thread...
2023-03-18 18:28:43.417 | INFO     | __main__:first_part_thread:12 - Starting 17 thread...
2023-03-18 18:28:43.418 | INFO     | __main__:second_part_thread:22 - Starting 17 thread...
2023-03-18 18:28:43.437 | SUCCESS  | __main__:second_part_thread:29 - Finishing 17 thread...
2023-03-18 18:28:43.430 | SUCCESS  | __main__:first_part_thread:19 - Finishing 17 thread...
2023-03-18 18:28:43.444 | INFO     | __main__:final_part_thread:32 - Starting 17 thread...
2023-03-18 18:28:43.447 | SUCCESS  | __main__:final_part_thread:40 - Finishing 17 thread...
2023-03-18 18:28:43.452 | INFO     | __main__:first_part_thread:12 - Starting 18 thread...
2023-03-18 18:28:43.464 | INFO     | __main__:second_part_thread:22 - Starting 18 thread...
2023-03-18 18:28:43.471 | SUCCESS  | __main__:first_part_thread:19 - Finishing 18 thread...
2023-03-18 18:28:43.481 | SUCCESS  | __main__:second_part_thread:29 - Finishing 18 thread...
2023-03-18 18:28:43.483 | INFO     | __main__:final_part_thread:32 - Starting 18 thread...
2023-03-18 18:28:43.486 | SUCCESS  | __main__:final_part_thread:40 - Finishing 18 thread...
2023-03-18 18:28:43.493 | INFO     | __main__:first_part_thread:12 - Starting 19 thread...
2023-03-18 18:28:43.503 | INFO     | __main__:second_part_thread:22 - Starting 19 thread...
2023-03-18 18:28:43.507 | SUCCESS  | __main__:first_part_thread:19 - Finishing 19 thread...
2023-03-18 18:28:43.517 | SUCCESS  | __main__:second_part_thread:29 - Finishing 19 thread...
2023-03-18 18:28:43.520 | INFO     | __main__:final_part_thread:32 - Starting 19 thread...
2023-03-18 18:28:43.526 | SUCCESS  | __main__:final_part_thread:40 - Finishing 19 thread...
2023-03-18 18:28:43.532 | INFO     | __main__:first_part_thread:12 - Starting 20 thread...
2023-03-18 18:28:43.540 | INFO     | __main__:second_part_thread:22 - Starting 20 thread...
2023-03-18 18:28:43.545 | SUCCESS  | __main__:first_part_thread:19 - Finishing 20 thread...
2023-03-18 18:28:43.554 | SUCCESS  | __main__:second_part_thread:29 - Finishing 20 thread...
2023-03-18 18:28:43.561 | INFO     | __main__:final_part_thread:32 - Starting 20 thread...
2023-03-18 18:28:43.564 | SUCCESS  | __main__:final_part_thread:40 - Finishing 20 thread...
2023-03-18 18:28:43.575 | INFO     | __main__:first_part_thread:12 - Starting 21 thread...
2023-03-18 18:28:43.577 | INFO     | __main__:second_part_thread:22 - Starting 21 thread...
2023-03-18 18:28:43.600 | SUCCESS  | __main__:first_part_thread:19 - Finishing 21 thread...
2023-03-18 18:28:43.607 | SUCCESS  | __main__:second_part_thread:29 - Finishing 21 thread...
2023-03-18 18:28:43.615 | INFO     | __main__:final_part_thread:32 - Starting 21 thread...
2023-03-18 18:28:43.619 | SUCCESS  | __main__:final_part_thread:40 - Finishing 21 thread...
2023-03-18 18:28:43.625 | INFO     | __main__:first_part_thread:12 - Starting 22 thread...
2023-03-18 18:28:43.632 | INFO     | __main__:second_part_thread:22 - Starting 22 thread...
2023-03-18 18:28:43.637 | SUCCESS  | __main__:first_part_thread:19 - Finishing 22 thread...
2023-03-18 18:28:43.647 | SUCCESS  | __main__:second_part_thread:29 - Finishing 22 thread...
2023-03-18 18:28:43.650 | INFO     | __main__:final_part_thread:32 - Starting 22 thread...
2023-03-18 18:28:43.653 | SUCCESS  | __main__:final_part_thread:40 - Finishing 22 thread...
2023-03-18 18:28:43.664 | INFO     | __main__:first_part_thread:12 - Starting 23 thread...
2023-03-18 18:28:43.664 | INFO     | __main__:second_part_thread:22 - Starting 23 thread...
2023-03-18 18:28:43.684 | SUCCESS  | __main__:first_part_thread:19 - Finishing 23 thread...
2023-03-18 18:28:43.693 | SUCCESS  | __main__:second_part_thread:29 - Finishing 23 thread...
2023-03-18 18:28:43.697 | INFO     | __main__:final_part_thread:32 - Starting 23 thread...
2023-03-18 18:28:43.703 | SUCCESS  | __main__:final_part_thread:40 - Finishing 23 thread...
2023-03-18 18:28:43.707 | INFO     | __main__:first_part_thread:12 - Starting 24 thread...
2023-03-18 18:28:43.716 | INFO     | __main__:second_part_thread:22 - Starting 24 thread...
2023-03-18 18:28:43.724 | SUCCESS  | __main__:first_part_thread:19 - Finishing 24 thread...
2023-03-18 18:28:43.735 | SUCCESS  | __main__:second_part_thread:29 - Finishing 24 thread...
2023-03-18 18:28:43.737 | INFO     | __main__:final_part_thread:32 - Starting 24 thread...
2023-03-18 18:28:43.763 | SUCCESS  | __main__:final_part_thread:40 - Finishing 24 thread...
2023-03-18 18:28:43.767 | INFO     | __main__:first_part_thread:12 - Starting 25 thread...
2023-03-18 18:28:43.780 | INFO     | __main__:second_part_thread:22 - Starting 25 thread...
2023-03-18 18:28:43.789 | SUCCESS  | __main__:first_part_thread:19 - Finishing 25 thread...
2023-03-18 18:28:43.798 | SUCCESS  | __main__:second_part_thread:29 - Finishing 25 thread...
2023-03-18 18:28:43.801 | INFO     | __main__:final_part_thread:32 - Starting 25 thread...
2023-03-18 18:28:43.806 | SUCCESS  | __main__:final_part_thread:40 - Finishing 25 thread...
2023-03-18 18:28:43.809 | INFO     | __main__:first_part_thread:12 - Starting 26 thread...
2023-03-18 18:28:43.812 | INFO     | __main__:second_part_thread:22 - Starting 26 thread...
2023-03-18 18:28:43.834 | SUCCESS  | __main__:first_part_thread:19 - Finishing 26 thread...
2023-03-18 18:28:43.844 | SUCCESS  | __main__:second_part_thread:29 - Finishing 26 thread...
2023-03-18 18:28:43.846 | INFO     | __main__:final_part_thread:32 - Starting 26 thread...
2023-03-18 18:28:43.852 | SUCCESS  | __main__:final_part_thread:40 - Finishing 26 thread...
2023-03-18 18:28:43.855 | INFO     | __main__:first_part_thread:12 - Starting 27 thread...
2023-03-18 18:28:43.865 | INFO     | __main__:second_part_thread:22 - Starting 27 thread...
2023-03-18 18:28:43.877 | SUCCESS  | __main__:first_part_thread:19 - Finishing 27 thread...
2023-03-18 18:28:43.886 | SUCCESS  | __main__:second_part_thread:29 - Finishing 27 thread...
2023-03-18 18:28:43.889 | INFO     | __main__:final_part_thread:32 - Starting 27 thread...
2023-03-18 18:28:43.901 | SUCCESS  | __main__:final_part_thread:40 - Finishing 27 thread...
2023-03-18 18:28:43.904 | INFO     | __main__:first_part_thread:12 - Starting 28 thread...
2023-03-18 18:28:43.911 | INFO     | __main__:second_part_thread:22 - Starting 28 thread...
2023-03-18 18:28:43.915 | SUCCESS  | __main__:first_part_thread:19 - Finishing 28 thread...
2023-03-18 18:28:43.926 | SUCCESS  | __main__:second_part_thread:29 - Finishing 28 thread...
2023-03-18 18:28:43.929 | INFO     | __main__:final_part_thread:32 - Starting 28 thread...
2023-03-18 18:28:43.934 | SUCCESS  | __main__:final_part_thread:40 - Finishing 28 thread...
2023-03-18 18:28:43.938 | INFO     | __main__:first_part_thread:12 - Starting 29 thread...
2023-03-18 18:28:43.949 | INFO     | __main__:second_part_thread:22 - Starting 29 thread...
2023-03-18 18:28:43.955 | SUCCESS  | __main__:first_part_thread:19 - Finishing 29 thread...
2023-03-18 18:28:43.966 | SUCCESS  | __main__:second_part_thread:29 - Finishing 29 thread...
2023-03-18 18:28:43.968 | INFO     | __main__:final_part_thread:32 - Starting 29 thread...
2023-03-18 18:28:43.977 | SUCCESS  | __main__:final_part_thread:40 - Finishing 29 thread...
2023-03-18 18:28:43.981 | INFO     | __main__:first_part_thread:12 - Starting 30 thread...
2023-03-18 18:28:43.984 | INFO     | __main__:second_part_thread:22 - Starting 30 thread...
2023-03-18 18:28:44.004 | SUCCESS  | __main__:first_part_thread:19 - Finishing 30 thread...
2023-03-18 18:28:44.024 | SUCCESS  | __main__:second_part_thread:29 - Finishing 30 thread...
2023-03-18 18:28:44.029 | INFO     | __main__:final_part_thread:32 - Starting 30 thread...
2023-03-18 18:28:44.032 | SUCCESS  | __main__:final_part_thread:40 - Finishing 30 thread...
2023-03-18 18:28:44.041 | INFO     | __main__:first_part_thread:12 - Starting 31 thread...
2023-03-18 18:28:44.057 | INFO     | __main__:second_part_thread:22 - Starting 31 thread...
2023-03-18 18:28:44.066 | SUCCESS  | __main__:first_part_thread:19 - Finishing 31 thread...
2023-03-18 18:28:44.077 | SUCCESS  | __main__:second_part_thread:29 - Finishing 31 thread...
2023-03-18 18:28:44.082 | INFO     | __main__:final_part_thread:32 - Starting 31 thread...
2023-03-18 18:28:44.086 | SUCCESS  | __main__:final_part_thread:40 - Finishing 31 thread...
2023-03-18 18:28:44.102 | INFO     | __main__:first_part_thread:12 - Starting 32 thread...
2023-03-18 18:28:44.104 | INFO     | __main__:second_part_thread:22 - Starting 32 thread...
2023-03-18 18:28:44.122 | SUCCESS  | __main__:first_part_thread:19 - Finishing 32 thread...
2023-03-18 18:28:44.133 | SUCCESS  | __main__:second_part_thread:29 - Finishing 32 thread...
2023-03-18 18:28:44.136 | INFO     | __main__:final_part_thread:32 - Starting 32 thread...
2023-03-18 18:28:44.147 | SUCCESS  | __main__:final_part_thread:40 - Finishing 32 thread...
2023-03-18 18:28:44.157 | INFO     | __main__:first_part_thread:12 - Starting 33 thread...
2023-03-18 18:28:44.162 | INFO     | __main__:second_part_thread:22 - Starting 33 thread...
2023-03-18 18:28:44.183 | SUCCESS  | __main__:first_part_thread:19 - Finishing 33 thread...
2023-03-18 18:28:44.195 | SUCCESS  | __main__:second_part_thread:29 - Finishing 33 thread...
2023-03-18 18:28:44.202 | INFO     | __main__:final_part_thread:32 - Starting 33 thread...
2023-03-18 18:28:44.206 | SUCCESS  | __main__:final_part_thread:40 - Finishing 33 thread...
2023-03-18 18:28:44.214 | INFO     | __main__:first_part_thread:12 - Starting 34 thread...
2023-03-18 18:28:44.217 | INFO     | __main__:second_part_thread:22 - Starting 34 thread...
2023-03-18 18:28:44.233 | SUCCESS  | __main__:first_part_thread:19 - Finishing 34 thread...
2023-03-18 18:28:44.242 | SUCCESS  | __main__:second_part_thread:29 - Finishing 34 thread...
2023-03-18 18:28:44.247 | INFO     | __main__:final_part_thread:32 - Starting 34 thread...
2023-03-18 18:28:44.253 | SUCCESS  | __main__:final_part_thread:40 - Finishing 34 thread...
2023-03-18 18:28:44.257 | INFO     | __main__:first_part_thread:12 - Starting 35 thread...
2023-03-18 18:28:44.271 | INFO     | __main__:second_part_thread:22 - Starting 35 thread...
2023-03-18 18:28:44.288 | SUCCESS  | __main__:first_part_thread:19 - Finishing 35 thread...
2023-03-18 18:28:44.297 | SUCCESS  | __main__:second_part_thread:29 - Finishing 35 thread...
2023-03-18 18:28:44.302 | INFO     | __main__:final_part_thread:32 - Starting 35 thread...
2023-03-18 18:28:44.311 | SUCCESS  | __main__:final_part_thread:40 - Finishing 35 thread...
2023-03-18 18:28:44.316 | INFO     | __main__:first_part_thread:12 - Starting 36 thread...
2023-03-18 18:28:44.318 | INFO     | __main__:second_part_thread:22 - Starting 36 thread...
2023-03-18 18:28:44.337 | SUCCESS  | __main__:first_part_thread:19 - Finishing 36 thread...
2023-03-18 18:28:44.355 | SUCCESS  | __main__:second_part_thread:29 - Finishing 36 thread...
2023-03-18 18:28:44.358 | INFO     | __main__:final_part_thread:32 - Starting 36 thread...
2023-03-18 18:28:44.362 | SUCCESS  | __main__:final_part_thread:40 - Finishing 36 thread...
2023-03-18 18:28:44.365 | INFO     | __main__:first_part_thread:12 - Starting 37 thread...
2023-03-18 18:28:44.380 | INFO     | __main__:second_part_thread:22 - Starting 37 thread...
2023-03-18 18:28:44.382 | SUCCESS  | __main__:first_part_thread:19 - Finishing 37 thread...
2023-03-18 18:28:44.399 | SUCCESS  | __main__:second_part_thread:29 - Finishing 37 thread...
2023-03-18 18:28:44.402 | INFO     | __main__:final_part_thread:32 - Starting 37 thread...
2023-03-18 18:28:44.406 | SUCCESS  | __main__:final_part_thread:40 - Finishing 37 thread...
2023-03-18 18:28:44.410 | INFO     | __main__:first_part_thread:12 - Starting 38 thread...
2023-03-18 18:28:44.422 | INFO     | __main__:second_part_thread:22 - Starting 38 thread...
2023-03-18 18:28:44.427 | SUCCESS  | __main__:first_part_thread:19 - Finishing 38 thread...
2023-03-18 18:28:44.439 | SUCCESS  | __main__:second_part_thread:29 - Finishing 38 thread...
2023-03-18 18:28:44.443 | INFO     | __main__:final_part_thread:32 - Starting 38 thread...
2023-03-18 18:28:44.446 | SUCCESS  | __main__:final_part_thread:40 - Finishing 38 thread...
2023-03-18 18:28:44.450 | INFO     | __main__:first_part_thread:12 - Starting 39 thread...
2023-03-18 18:28:44.459 | INFO     | __main__:second_part_thread:22 - Starting 39 thread...
2023-03-18 18:28:44.464 | SUCCESS  | __main__:first_part_thread:19 - Finishing 39 thread...
2023-03-18 18:28:44.474 | SUCCESS  | __main__:second_part_thread:29 - Finishing 39 thread...
2023-03-18 18:28:44.477 | INFO     | __main__:final_part_thread:32 - Starting 39 thread...
2023-03-18 18:28:44.482 | SUCCESS  | __main__:final_part_thread:40 - Finishing 39 thread...
2023-03-18 18:28:44.492 | INFO     | __main__:first_part_thread:12 - Starting 40 thread...
2023-03-18 18:28:44.504 | INFO     | __main__:second_part_thread:22 - Starting 40 thread...
2023-03-18 18:28:44.511 | SUCCESS  | __main__:first_part_thread:19 - Finishing 40 thread...
2023-03-18 18:28:44.525 | SUCCESS  | __main__:second_part_thread:29 - Finishing 40 thread...
2023-03-18 18:28:44.528 | INFO     | __main__:final_part_thread:32 - Starting 40 thread...
2023-03-18 18:28:44.531 | SUCCESS  | __main__:final_part_thread:40 - Finishing 40 thread...
2023-03-18 18:28:44.539 | INFO     | __main__:first_part_thread:12 - Starting 41 thread...
2023-03-18 18:28:44.549 | INFO     | __main__:second_part_thread:22 - Starting 41 thread...
2023-03-18 18:28:44.555 | SUCCESS  | __main__:first_part_thread:19 - Finishing 41 thread...
2023-03-18 18:28:44.566 | SUCCESS  | __main__:second_part_thread:29 - Finishing 41 thread...
2023-03-18 18:28:44.569 | INFO     | __main__:final_part_thread:32 - Starting 41 thread...
2023-03-18 18:28:44.572 | SUCCESS  | __main__:final_part_thread:40 - Finishing 41 thread...
2023-03-18 18:28:44.577 | INFO     | __main__:first_part_thread:12 - Starting 42 thread...
2023-03-18 18:28:44.586 | INFO     | __main__:second_part_thread:22 - Starting 42 thread...
2023-03-18 18:28:44.592 | SUCCESS  | __main__:first_part_thread:19 - Finishing 42 thread...
2023-03-18 18:28:44.604 | SUCCESS  | __main__:second_part_thread:29 - Finishing 42 thread...
2023-03-18 18:28:44.606 | INFO     | __main__:final_part_thread:32 - Starting 42 thread...
2023-03-18 18:28:44.609 | SUCCESS  | __main__:final_part_thread:40 - Finishing 42 thread...
2023-03-18 18:28:44.614 | INFO     | __main__:first_part_thread:12 - Starting 43 thread...
2023-03-18 18:28:44.627 | INFO     | __main__:second_part_thread:22 - Starting 43 thread...
2023-03-18 18:28:44.634 | SUCCESS  | __main__:first_part_thread:19 - Finishing 43 thread...
2023-03-18 18:28:44.650 | SUCCESS  | __main__:second_part_thread:29 - Finishing 43 thread...
2023-03-18 18:28:44.655 | INFO     | __main__:final_part_thread:32 - Starting 43 thread...
2023-03-18 18:28:44.663 | SUCCESS  | __main__:final_part_thread:40 - Finishing 43 thread...
2023-03-18 18:28:44.670 | INFO     | __main__:first_part_thread:12 - Starting 44 thread...
2023-03-18 18:28:44.671 | INFO     | __main__:second_part_thread:22 - Starting 44 thread...
2023-03-18 18:28:44.713 | SUCCESS  | __main__:first_part_thread:19 - Finishing 44 thread...
2023-03-18 18:28:44.743 | SUCCESS  | __main__:second_part_thread:29 - Finishing 44 thread...
2023-03-18 18:28:44.747 | INFO     | __main__:final_part_thread:32 - Starting 44 thread...
2023-03-18 18:28:44.754 | SUCCESS  | __main__:final_part_thread:40 - Finishing 44 thread...
2023-03-18 18:28:44.762 | INFO     | __main__:first_part_thread:12 - Starting 45 thread...
2023-03-18 18:28:44.763 | INFO     | __main__:second_part_thread:22 - Starting 45 thread...
2023-03-18 18:28:44.798 | SUCCESS  | __main__:first_part_thread:19 - Finishing 45 thread...
2023-03-18 18:28:44.810 | SUCCESS  | __main__:second_part_thread:29 - Finishing 45 thread...
2023-03-18 18:28:44.813 | INFO     | __main__:final_part_thread:32 - Starting 45 thread...
2023-03-18 18:28:44.818 | SUCCESS  | __main__:final_part_thread:40 - Finishing 45 thread...
2023-03-18 18:28:44.825 | INFO     | __main__:first_part_thread:12 - Starting 46 thread...
2023-03-18 18:28:44.844 | INFO     | __main__:second_part_thread:22 - Starting 46 thread...
2023-03-18 18:28:44.850 | SUCCESS  | __main__:first_part_thread:19 - Finishing 46 thread...
2023-03-18 18:28:44.863 | SUCCESS  | __main__:second_part_thread:29 - Finishing 46 thread...
2023-03-18 18:28:44.866 | INFO     | __main__:final_part_thread:32 - Starting 46 thread...
2023-03-18 18:28:44.871 | SUCCESS  | __main__:final_part_thread:40 - Finishing 46 thread...
2023-03-18 18:28:44.880 | INFO     | __main__:first_part_thread:12 - Starting 47 thread...
2023-03-18 18:28:44.903 | INFO     | __main__:second_part_thread:22 - Starting 47 thread...
2023-03-18 18:28:44.922 | SUCCESS  | __main__:first_part_thread:19 - Finishing 47 thread...
2023-03-18 18:28:44.939 | SUCCESS  | __main__:second_part_thread:29 - Finishing 47 thread...
2023-03-18 18:28:44.943 | INFO     | __main__:final_part_thread:32 - Starting 47 thread...
2023-03-18 18:28:44.954 | SUCCESS  | __main__:final_part_thread:40 - Finishing 47 thread...
2023-03-18 18:28:44.962 | INFO     | __main__:first_part_thread:12 - Starting 48 thread...
2023-03-18 18:28:44.980 | INFO     | __main__:second_part_thread:22 - Starting 48 thread...
2023-03-18 18:28:44.987 | SUCCESS  | __main__:first_part_thread:19 - Finishing 48 thread...
2023-03-18 18:28:45.028 | SUCCESS  | __main__:second_part_thread:29 - Finishing 48 thread...
2023-03-18 18:28:45.043 | INFO     | __main__:final_part_thread:32 - Starting 48 thread...
2023-03-18 18:28:45.048 | SUCCESS  | __main__:final_part_thread:40 - Finishing 48 thread...
2023-03-18 18:28:45.061 | INFO     | __main__:first_part_thread:12 - Starting 49 thread...
2023-03-18 18:28:45.062 | INFO     | __main__:second_part_thread:22 - Starting 49 thread...
2023-03-18 18:28:45.086 | SUCCESS  | __main__:first_part_thread:19 - Finishing 49 thread...
2023-03-18 18:28:45.097 | SUCCESS  | __main__:second_part_thread:29 - Finishing 49 thread...
2023-03-18 18:28:45.109 | INFO     | __main__:final_part_thread:32 - Starting 49 thread...
2023-03-18 18:28:45.113 | SUCCESS  | __main__:final_part_thread:40 - Finishing 49 thread...
2023-03-18 18:28:45.118 | INFO     | __main__:first_part_thread:12 - Starting 50 thread...
2023-03-18 18:28:45.121 | INFO     | __main__:second_part_thread:22 - Starting 50 thread...
2023-03-18 18:28:45.135 | SUCCESS  | __main__:first_part_thread:19 - Finishing 50 thread...
2023-03-18 18:28:45.152 | SUCCESS  | __main__:second_part_thread:29 - Finishing 50 thread...
2023-03-18 18:28:45.184 | INFO     | __main__:final_part_thread:32 - Starting 50 thread...
2023-03-18 18:28:45.193 | SUCCESS  | __main__:final_part_thread:40 - Finishing 50 thread...
2023-03-18 18:28:45.201 | INFO     | __main__:first_part_thread:12 - Starting 1 thread...
2023-03-18 18:28:45.209 | INFO     | __main__:second_part_thread:22 - Starting 1 thread...
2023-03-18 18:28:45.223 | SUCCESS  | __main__:first_part_thread:19 - Finishing 1 thread...
2023-03-18 18:28:45.230 | SUCCESS  | __main__:second_part_thread:29 - Finishing 1 thread...
2023-03-18 18:28:45.245 | INFO     | __main__:final_part_thread:32 - Starting 1 thread...
2023-03-18 18:28:45.255 | SUCCESS  | __main__:final_part_thread:40 - Finishing 1 thread...
2023-03-18 18:28:45.258 | INFO     | __main__:<module>:56 - The time of 1 thread was 0.14102411270141602
2023-03-18 18:28:45.262 | INFO     | __main__:first_part_thread:12 - Starting 2 thread...
2023-03-18 18:28:45.271 | INFO     | __main__:second_part_thread:22 - Starting 2 thread...
2023-03-18 18:28:45.277 | SUCCESS  | __main__:first_part_thread:19 - Finishing 2 thread...
2023-03-18 18:28:45.295 | SUCCESS  | __main__:second_part_thread:29 - Finishing 2 thread...
2023-03-18 18:28:45.298 | INFO     | __main__:final_part_thread:32 - Starting 2 thread...
2023-03-18 18:28:45.301 | SUCCESS  | __main__:final_part_thread:40 - Finishing 2 thread...
2023-03-18 18:28:45.305 | INFO     | __main__:<module>:56 - The time of 2 thread was 0.18744254112243652
2023-03-18 18:28:45.316 | INFO     | __main__:first_part_thread:12 - Starting 3 thread...
2023-03-18 18:28:45.328 | INFO     | __main__:second_part_thread:22 - Starting 3 thread...
2023-03-18 18:28:45.332 | SUCCESS  | __main__:first_part_thread:19 - Finishing 3 thread...
2023-03-18 18:28:45.355 | SUCCESS  | __main__:second_part_thread:29 - Finishing 3 thread...
2023-03-18 18:28:45.358 | INFO     | __main__:final_part_thread:32 - Starting 3 thread...
2023-03-18 18:28:45.360 | SUCCESS  | __main__:final_part_thread:40 - Finishing 3 thread...
2023-03-18 18:28:45.364 | INFO     | __main__:<module>:56 - The time of 3 thread was 0.24667859077453613
2023-03-18 18:28:45.378 | INFO     | __main__:first_part_thread:12 - Starting 4 thread...
2023-03-18 18:28:45.380 | INFO     | __main__:second_part_thread:22 - Starting 4 thread...
2023-03-18 18:28:45.392 | SUCCESS  | __main__:first_part_thread:19 - Finishing 4 thread...
2023-03-18 18:28:45.402 | SUCCESS  | __main__:second_part_thread:29 - Finishing 4 thread...
2023-03-18 18:28:45.405 | INFO     | __main__:final_part_thread:32 - Starting 4 thread...
2023-03-18 18:28:45.408 | SUCCESS  | __main__:final_part_thread:40 - Finishing 4 thread...
2023-03-18 18:28:45.415 | INFO     | __main__:<module>:56 - The time of 4 thread was 0.2981388568878174
2023-03-18 18:28:45.431 | INFO     | __main__:first_part_thread:12 - Starting 5 thread...
2023-03-18 18:28:45.433 | INFO     | __main__:second_part_thread:22 - Starting 5 thread...
2023-03-18 18:28:45.441 | SUCCESS  | __main__:first_part_thread:19 - Finishing 5 thread...
2023-03-18 18:28:45.451 | SUCCESS  | __main__:second_part_thread:29 - Finishing 5 thread...
2023-03-18 18:28:45.456 | INFO     | __main__:final_part_thread:32 - Starting 5 thread...
2023-03-18 18:28:45.459 | SUCCESS  | __main__:final_part_thread:40 - Finishing 5 thread...
2023-03-18 18:28:45.462 | INFO     | __main__:<module>:56 - The time of 5 thread was 0.3443260192871094
2023-03-18 18:28:45.483 | INFO     | __main__:first_part_thread:12 - Starting 6 thread...
2023-03-18 18:28:45.493 | INFO     | __main__:second_part_thread:22 - Starting 6 thread...
2023-03-18 18:28:45.505 | SUCCESS  | __main__:first_part_thread:19 - Finishing 6 thread...
2023-03-18 18:28:45.512 | SUCCESS  | __main__:second_part_thread:29 - Finishing 6 thread...
2023-03-18 18:28:45.524 | INFO     | __main__:final_part_thread:32 - Starting 6 thread...
2023-03-18 18:28:45.530 | SUCCESS  | __main__:final_part_thread:40 - Finishing 6 thread...
2023-03-18 18:28:45.532 | INFO     | __main__:<module>:56 - The time of 6 thread was 0.4149503707885742
2023-03-18 18:28:45.541 | INFO     | __main__:first_part_thread:12 - Starting 7 thread...
2023-03-18 18:28:45.551 | INFO     | __main__:second_part_thread:22 - Starting 7 thread...
2023-03-18 18:28:45.566 | SUCCESS  | __main__:first_part_thread:19 - Finishing 7 thread...
2023-03-18 18:28:45.575 | SUCCESS  | __main__:second_part_thread:29 - Finishing 7 thread...
2023-03-18 18:28:45.589 | INFO     | __main__:final_part_thread:32 - Starting 7 thread...
2023-03-18 18:28:45.591 | SUCCESS  | __main__:final_part_thread:40 - Finishing 7 thread...
2023-03-18 18:28:45.594 | INFO     | __main__:<module>:56 - The time of 7 thread was 0.4764363765716553
2023-03-18 18:28:45.602 | INFO     | __main__:first_part_thread:12 - Starting 8 thread...
2023-03-18 18:28:45.611 | INFO     | __main__:second_part_thread:22 - Starting 8 thread...
2023-03-18 18:28:45.633 | SUCCESS  | __main__:first_part_thread:19 - Finishing 8 thread...
2023-03-18 18:28:45.642 | SUCCESS  | __main__:second_part_thread:29 - Finishing 8 thread...
2023-03-18 18:28:45.669 | INFO     | __main__:final_part_thread:32 - Starting 8 thread...
2023-03-18 18:28:45.691 | SUCCESS  | __main__:final_part_thread:40 - Finishing 8 thread...
2023-03-18 18:28:45.696 | INFO     | __main__:<module>:56 - The time of 8 thread was 0.5782387256622314
2023-03-18 18:28:45.699 | INFO     | __main__:first_part_thread:12 - Starting 9 thread...
2023-03-18 18:28:45.708 | INFO     | __main__:second_part_thread:22 - Starting 9 thread...
2023-03-18 18:28:45.717 | SUCCESS  | __main__:first_part_thread:19 - Finishing 9 thread...
2023-03-18 18:28:45.731 | SUCCESS  | __main__:second_part_thread:29 - Finishing 9 thread...
2023-03-18 18:28:45.738 | INFO     | __main__:final_part_thread:32 - Starting 9 thread...
2023-03-18 18:28:45.744 | SUCCESS  | __main__:final_part_thread:40 - Finishing 9 thread...
2023-03-18 18:28:45.751 | INFO     | __main__:<module>:56 - The time of 9 thread was 0.6335108280181885
2023-03-18 18:28:45.767 | INFO     | __main__:first_part_thread:12 - Starting 10 thread...
2023-03-18 18:28:45.785 | INFO     | __main__:second_part_thread:22 - Starting 10 thread...
2023-03-18 18:28:45.791 | SUCCESS  | __main__:first_part_thread:19 - Finishing 10 thread...
2023-03-18 18:28:45.814 | SUCCESS  | __main__:second_part_thread:29 - Finishing 10 thread...
2023-03-18 18:28:45.816 | INFO     | __main__:final_part_thread:32 - Starting 10 thread...
2023-03-18 18:28:45.824 | SUCCESS  | __main__:final_part_thread:40 - Finishing 10 thread...
2023-03-18 18:28:45.831 | INFO     | __main__:<module>:56 - The time of 10 thread was 0.7137272357940674
2023-03-18 18:28:45.845 | INFO     | __main__:first_part_thread:12 - Starting 11 thread...
2023-03-18 18:28:45.856 | INFO     | __main__:second_part_thread:22 - Starting 11 thread...
2023-03-18 18:28:45.863 | SUCCESS  | __main__:first_part_thread:19 - Finishing 11 thread...
2023-03-18 18:28:45.878 | SUCCESS  | __main__:second_part_thread:29 - Finishing 11 thread...
2023-03-18 18:28:45.882 | INFO     | __main__:final_part_thread:32 - Starting 11 thread...
2023-03-18 18:28:45.888 | SUCCESS  | __main__:final_part_thread:40 - Finishing 11 thread...
2023-03-18 18:28:45.891 | INFO     | __main__:<module>:56 - The time of 11 thread was 0.7740449905395508
2023-03-18 18:28:45.895 | INFO     | __main__:first_part_thread:12 - Starting 12 thread...
2023-03-18 18:28:45.896 | INFO     | __main__:second_part_thread:22 - Starting 12 thread...
2023-03-18 18:28:45.924 | SUCCESS  | __main__:first_part_thread:19 - Finishing 12 thread...
2023-03-18 18:28:45.937 | SUCCESS  | __main__:second_part_thread:29 - Finishing 12 thread...
2023-03-18 18:28:45.946 | INFO     | __main__:final_part_thread:32 - Starting 12 thread...
2023-03-18 18:28:45.953 | SUCCESS  | __main__:final_part_thread:40 - Finishing 12 thread...
2023-03-18 18:28:45.960 | INFO     | __main__:<module>:56 - The time of 12 thread was 0.8429195880889893
2023-03-18 18:28:45.973 | INFO     | __main__:first_part_thread:12 - Starting 13 thread...
2023-03-18 18:28:45.987 | INFO     | __main__:second_part_thread:22 - Starting 13 thread...
2023-03-18 18:28:45.992 | SUCCESS  | __main__:first_part_thread:19 - Finishing 13 thread...
2023-03-18 18:28:46.007 | SUCCESS  | __main__:second_part_thread:29 - Finishing 13 thread...
2023-03-18 18:28:46.012 | INFO     | __main__:final_part_thread:32 - Starting 13 thread...
2023-03-18 18:28:46.016 | SUCCESS  | __main__:final_part_thread:40 - Finishing 13 thread...
2023-03-18 18:28:46.021 | INFO     | __main__:<module>:56 - The time of 13 thread was 0.9040398597717285
2023-03-18 18:28:46.037 | INFO     | __main__:first_part_thread:12 - Starting 14 thread...
2023-03-18 18:28:46.049 | INFO     | __main__:second_part_thread:22 - Starting 14 thread...
2023-03-18 18:28:46.055 | SUCCESS  | __main__:first_part_thread:19 - Finishing 14 thread...
2023-03-18 18:28:46.073 | SUCCESS  | __main__:second_part_thread:29 - Finishing 14 thread...
2023-03-18 18:28:46.079 | INFO     | __main__:final_part_thread:32 - Starting 14 thread...
2023-03-18 18:28:46.085 | SUCCESS  | __main__:final_part_thread:40 - Finishing 14 thread...
2023-03-18 18:28:46.090 | INFO     | __main__:<module>:56 - The time of 14 thread was 0.9726336002349854
2023-03-18 18:28:46.102 | INFO     | __main__:first_part_thread:12 - Starting 15 thread...
2023-03-18 18:28:46.104 | INFO     | __main__:second_part_thread:22 - Starting 15 thread...
2023-03-18 18:28:46.112 | SUCCESS  | __main__:first_part_thread:19 - Finishing 15 thread...
2023-03-18 18:28:46.127 | SUCCESS  | __main__:second_part_thread:29 - Finishing 15 thread...
2023-03-18 18:28:46.149 | INFO     | __main__:final_part_thread:32 - Starting 15 thread...
2023-03-18 18:28:46.156 | SUCCESS  | __main__:final_part_thread:40 - Finishing 15 thread...
2023-03-18 18:28:46.159 | INFO     | __main__:<module>:56 - The time of 15 thread was 1.0421652793884277
2023-03-18 18:28:46.178 | INFO     | __main__:first_part_thread:12 - Starting 16 thread...
2023-03-18 18:28:46.186 | SUCCESS  | __main__:first_part_thread:19 - Finishing 16 thread...
2023-03-18 18:28:46.191 | INFO     | __main__:second_part_thread:22 - Starting 16 thread...
2023-03-18 18:28:46.208 | SUCCESS  | __main__:second_part_thread:29 - Finishing 16 thread...
2023-03-18 18:28:46.210 | INFO     | __main__:final_part_thread:32 - Starting 16 thread...
2023-03-18 18:28:46.221 | SUCCESS  | __main__:final_part_thread:40 - Finishing 16 thread...
2023-03-18 18:28:46.235 | INFO     | __main__:<module>:56 - The time of 16 thread was 1.117896318435669
2023-03-18 18:28:46.244 | INFO     | __main__:first_part_thread:12 - Starting 17 thread...
2023-03-18 18:28:46.256 | INFO     | __main__:second_part_thread:22 - Starting 17 thread...
2023-03-18 18:28:46.261 | SUCCESS  | __main__:first_part_thread:19 - Finishing 17 thread...
2023-03-18 18:28:46.272 | SUCCESS  | __main__:second_part_thread:29 - Finishing 17 thread...
2023-03-18 18:28:46.274 | INFO     | __main__:final_part_thread:32 - Starting 17 thread...
2023-03-18 18:28:46.277 | SUCCESS  | __main__:final_part_thread:40 - Finishing 17 thread...
2023-03-18 18:28:46.286 | INFO     | __main__:<module>:56 - The time of 17 thread was 1.1682178974151611
2023-03-18 18:28:46.288 | INFO     | __main__:first_part_thread:12 - Starting 18 thread...
2023-03-18 18:28:46.301 | INFO     | __main__:second_part_thread:22 - Starting 18 thread...
2023-03-18 18:28:46.323 | SUCCESS  | __main__:second_part_thread:29 - Finishing 18 thread...
2023-03-18 18:28:46.309 | SUCCESS  | __main__:first_part_thread:19 - Finishing 18 thread...
2023-03-18 18:28:46.334 | INFO     | __main__:final_part_thread:32 - Starting 18 thread...
2023-03-18 18:28:46.341 | SUCCESS  | __main__:final_part_thread:40 - Finishing 18 thread...
2023-03-18 18:28:46.348 | INFO     | __main__:<module>:56 - The time of 18 thread was 1.2307634353637695
2023-03-18 18:28:46.374 | INFO     | __main__:first_part_thread:12 - Starting 19 thread...
2023-03-18 18:28:46.387 | INFO     | __main__:second_part_thread:22 - Starting 19 thread...
2023-03-18 18:28:46.403 | SUCCESS  | __main__:first_part_thread:19 - Finishing 19 thread...
2023-03-18 18:28:46.422 | SUCCESS  | __main__:second_part_thread:29 - Finishing 19 thread...
2023-03-18 18:28:46.429 | INFO     | __main__:final_part_thread:32 - Starting 19 thread...
2023-03-18 18:28:46.434 | SUCCESS  | __main__:final_part_thread:40 - Finishing 19 thread...
2023-03-18 18:28:46.448 | INFO     | __main__:<module>:56 - The time of 19 thread was 1.3309268951416016
2023-03-18 18:28:46.452 | INFO     | __main__:first_part_thread:12 - Starting 20 thread...
2023-03-18 18:28:46.456 | INFO     | __main__:second_part_thread:22 - Starting 20 thread...
2023-03-18 18:28:46.485 | SUCCESS  | __main__:first_part_thread:19 - Finishing 20 thread...
2023-03-18 18:28:46.519 | SUCCESS  | __main__:second_part_thread:29 - Finishing 20 thread...
2023-03-18 18:28:46.535 | INFO     | __main__:final_part_thread:32 - Starting 20 thread...
2023-03-18 18:28:46.550 | SUCCESS  | __main__:final_part_thread:40 - Finishing 20 thread...
2023-03-18 18:28:46.555 | INFO     | __main__:<module>:56 - The time of 20 thread was 1.4373488426208496
2023-03-18 18:28:46.558 | INFO     | __main__:first_part_thread:12 - Starting 21 thread...
2023-03-18 18:28:46.558 | INFO     | __main__:second_part_thread:22 - Starting 21 thread...
2023-03-18 18:28:46.580 | SUCCESS  | __main__:second_part_thread:29 - Finishing 21 thread...
2023-03-18 18:28:46.574 | SUCCESS  | __main__:first_part_thread:19 - Finishing 21 thread...
2023-03-18 18:28:46.594 | INFO     | __main__:final_part_thread:32 - Starting 21 thread...
2023-03-18 18:28:46.598 | SUCCESS  | __main__:final_part_thread:40 - Finishing 21 thread...
2023-03-18 18:28:46.611 | INFO     | __main__:<module>:56 - The time of 21 thread was 1.4937093257904053
2023-03-18 18:28:46.619 | INFO     | __main__:first_part_thread:12 - Starting 22 thread...
2023-03-18 18:28:46.630 | INFO     | __main__:second_part_thread:22 - Starting 22 thread...
2023-03-18 18:28:46.635 | SUCCESS  | __main__:first_part_thread:19 - Finishing 22 thread...
2023-03-18 18:28:46.641 | SUCCESS  | __main__:second_part_thread:29 - Finishing 22 thread...
2023-03-18 18:28:46.659 | INFO     | __main__:final_part_thread:32 - Starting 22 thread...
2023-03-18 18:28:46.666 | SUCCESS  | __main__:final_part_thread:40 - Finishing 22 thread...
2023-03-18 18:28:46.674 | INFO     | __main__:<module>:56 - The time of 22 thread was 1.556351661682129
2023-03-18 18:28:46.690 | INFO     | __main__:first_part_thread:12 - Starting 23 thread...
2023-03-18 18:28:46.691 | INFO     | __main__:second_part_thread:22 - Starting 23 thread...
2023-03-18 18:28:46.707 | SUCCESS  | __main__:first_part_thread:19 - Finishing 23 thread...
2023-03-18 18:28:46.710 | SUCCESS  | __main__:second_part_thread:29 - Finishing 23 thread...
2023-03-18 18:28:46.725 | INFO     | __main__:final_part_thread:32 - Starting 23 thread...
2023-03-18 18:28:46.730 | SUCCESS  | __main__:final_part_thread:40 - Finishing 23 thread...
2023-03-18 18:28:46.735 | INFO     | __main__:<module>:56 - The time of 23 thread was 1.6175141334533691
2023-03-18 18:28:46.749 | INFO     | __main__:first_part_thread:12 - Starting 24 thread...
2023-03-18 18:28:46.756 | INFO     | __main__:second_part_thread:22 - Starting 24 thread...
2023-03-18 18:28:46.758 | SUCCESS  | __main__:first_part_thread:19 - Finishing 24 thread...
2023-03-18 18:28:46.771 | SUCCESS  | __main__:second_part_thread:29 - Finishing 24 thread...
2023-03-18 18:28:46.773 | INFO     | __main__:final_part_thread:32 - Starting 24 thread...
2023-03-18 18:28:46.776 | SUCCESS  | __main__:final_part_thread:40 - Finishing 24 thread...
2023-03-18 18:28:46.777 | INFO     | __main__:<module>:56 - The time of 24 thread was 1.6601588726043701
2023-03-18 18:28:46.791 | INFO     | __main__:first_part_thread:12 - Starting 25 thread...
2023-03-18 18:28:46.802 | SUCCESS  | __main__:first_part_thread:19 - Finishing 25 thread...
2023-03-18 18:28:46.802 | INFO     | __main__:second_part_thread:22 - Starting 25 thread...
2023-03-18 18:28:46.821 | SUCCESS  | __main__:second_part_thread:29 - Finishing 25 thread...
2023-03-18 18:28:46.829 | INFO     | __main__:final_part_thread:32 - Starting 25 thread...
2023-03-18 18:28:46.835 | SUCCESS  | __main__:final_part_thread:40 - Finishing 25 thread...
2023-03-18 18:28:46.837 | INFO     | __main__:<module>:56 - The time of 25 thread was 1.7196321487426758
2023-03-18 18:28:46.843 | INFO     | __main__:first_part_thread:12 - Starting 26 thread...
2023-03-18 18:28:46.850 | INFO     | __main__:second_part_thread:22 - Starting 26 thread...
2023-03-18 18:28:46.878 | SUCCESS  | __main__:first_part_thread:19 - Finishing 26 thread...
2023-03-18 18:28:46.907 | SUCCESS  | __main__:second_part_thread:29 - Finishing 26 thread...
2023-03-18 18:28:46.909 | INFO     | __main__:final_part_thread:32 - Starting 26 thread...
2023-03-18 18:28:46.913 | SUCCESS  | __main__:final_part_thread:40 - Finishing 26 thread...
2023-03-18 18:28:46.933 | INFO     | __main__:<module>:56 - The time of 26 thread was 1.8155832290649414
2023-03-18 18:28:46.938 | INFO     | __main__:first_part_thread:12 - Starting 27 thread...
2023-03-18 18:28:46.963 | INFO     | __main__:second_part_thread:22 - Starting 27 thread...
2023-03-18 18:28:46.965 | SUCCESS  | __main__:first_part_thread:19 - Finishing 27 thread...
2023-03-18 18:28:46.987 | SUCCESS  | __main__:second_part_thread:29 - Finishing 27 thread...
2023-03-18 18:28:46.995 | INFO     | __main__:final_part_thread:32 - Starting 27 thread...
2023-03-18 18:28:47.000 | SUCCESS  | __main__:final_part_thread:40 - Finishing 27 thread...
2023-03-18 18:28:47.001 | INFO     | __main__:<module>:56 - The time of 27 thread was 1.8841361999511719
2023-03-18 18:28:47.014 | INFO     | __main__:first_part_thread:12 - Starting 28 thread...
2023-03-18 18:28:47.031 | INFO     | __main__:second_part_thread:22 - Starting 28 thread...
2023-03-18 18:28:47.037 | SUCCESS  | __main__:first_part_thread:19 - Finishing 28 thread...
2023-03-18 18:28:47.044 | SUCCESS  | __main__:second_part_thread:29 - Finishing 28 thread...
2023-03-18 18:28:47.051 | INFO     | __main__:final_part_thread:32 - Starting 28 thread...
2023-03-18 18:28:47.055 | SUCCESS  | __main__:final_part_thread:40 - Finishing 28 thread...
2023-03-18 18:28:47.063 | INFO     | __main__:<module>:56 - The time of 28 thread was 1.9454407691955566
2023-03-18 18:28:47.073 | INFO     | __main__:first_part_thread:12 - Starting 29 thread...
2023-03-18 18:28:47.079 | INFO     | __main__:second_part_thread:22 - Starting 29 thread...
2023-03-18 18:28:47.083 | SUCCESS  | __main__:first_part_thread:19 - Finishing 29 thread...
2023-03-18 18:28:47.092 | SUCCESS  | __main__:second_part_thread:29 - Finishing 29 thread...
2023-03-18 18:28:47.103 | INFO     | __main__:final_part_thread:32 - Starting 29 thread...
2023-03-18 18:28:47.107 | SUCCESS  | __main__:final_part_thread:40 - Finishing 29 thread...
2023-03-18 18:28:47.110 | INFO     | __main__:<module>:56 - The time of 29 thread was 1.9929838180541992
2023-03-18 18:28:47.124 | INFO     | __main__:first_part_thread:12 - Starting 30 thread...
2023-03-18 18:28:47.138 | SUCCESS  | __main__:first_part_thread:19 - Finishing 30 thread...
2023-03-18 18:28:47.139 | INFO     | __main__:second_part_thread:22 - Starting 30 thread...
2023-03-18 18:28:47.178 | SUCCESS  | __main__:second_part_thread:29 - Finishing 30 thread...
2023-03-18 18:28:47.186 | INFO     | __main__:final_part_thread:32 - Starting 30 thread...
2023-03-18 18:28:47.200 | SUCCESS  | __main__:final_part_thread:40 - Finishing 30 thread...
2023-03-18 18:28:47.219 | INFO     | __main__:<module>:56 - The time of 30 thread was 2.1014649868011475
2023-03-18 18:28:47.224 | INFO     | __main__:first_part_thread:12 - Starting 31 thread...
2023-03-18 18:28:47.232 | INFO     | __main__:second_part_thread:22 - Starting 31 thread...
2023-03-18 18:28:47.246 | SUCCESS  | __main__:first_part_thread:19 - Finishing 31 thread...
2023-03-18 18:28:47.260 | SUCCESS  | __main__:second_part_thread:29 - Finishing 31 thread...
2023-03-18 18:28:47.272 | INFO     | __main__:final_part_thread:32 - Starting 31 thread...
2023-03-18 18:28:47.275 | SUCCESS  | __main__:final_part_thread:40 - Finishing 31 thread...
2023-03-18 18:28:47.280 | INFO     | __main__:<module>:56 - The time of 31 thread was 2.162832260131836
2023-03-18 18:28:47.298 | INFO     | __main__:first_part_thread:12 - Starting 32 thread...
2023-03-18 18:28:47.319 | INFO     | __main__:second_part_thread:22 - Starting 32 thread...
2023-03-18 18:28:47.322 | SUCCESS  | __main__:first_part_thread:19 - Finishing 32 thread...
2023-03-18 18:28:47.350 | SUCCESS  | __main__:second_part_thread:29 - Finishing 32 thread...
2023-03-18 18:28:47.357 | INFO     | __main__:final_part_thread:32 - Starting 32 thread...
2023-03-18 18:28:47.370 | SUCCESS  | __main__:final_part_thread:40 - Finishing 32 thread...
2023-03-18 18:28:47.382 | INFO     | __main__:<module>:56 - The time of 32 thread was 2.265003204345703
2023-03-18 18:28:47.389 | INFO     | __main__:first_part_thread:12 - Starting 33 thread...
2023-03-18 18:28:47.390 | INFO     | __main__:second_part_thread:22 - Starting 33 thread...
2023-03-18 18:28:47.399 | SUCCESS  | __main__:first_part_thread:19 - Finishing 33 thread...
2023-03-18 18:28:47.411 | SUCCESS  | __main__:second_part_thread:29 - Finishing 33 thread...
2023-03-18 18:28:47.416 | INFO     | __main__:final_part_thread:32 - Starting 33 thread...
2023-03-18 18:28:47.422 | SUCCESS  | __main__:final_part_thread:40 - Finishing 33 thread...
2023-03-18 18:28:47.442 | INFO     | __main__:<module>:56 - The time of 33 thread was 2.324615716934204
2023-03-18 18:28:47.450 | INFO     | __main__:first_part_thread:12 - Starting 34 thread...
2023-03-18 18:28:47.467 | INFO     | __main__:second_part_thread:22 - Starting 34 thread...
2023-03-18 18:28:47.476 | SUCCESS  | __main__:first_part_thread:19 - Finishing 34 thread...
2023-03-18 18:28:47.498 | SUCCESS  | __main__:second_part_thread:29 - Finishing 34 thread...
2023-03-18 18:28:47.504 | INFO     | __main__:final_part_thread:32 - Starting 34 thread...
2023-03-18 18:28:47.513 | SUCCESS  | __main__:final_part_thread:40 - Finishing 34 thread...
2023-03-18 18:28:47.531 | INFO     | __main__:<module>:56 - The time of 34 thread was 2.4135031700134277
2023-03-18 18:28:47.537 | INFO     | __main__:first_part_thread:12 - Starting 35 thread...
2023-03-18 18:28:47.561 | INFO     | __main__:second_part_thread:22 - Starting 35 thread...
2023-03-18 18:28:47.563 | SUCCESS  | __main__:first_part_thread:19 - Finishing 35 thread...
2023-03-18 18:28:47.573 | SUCCESS  | __main__:second_part_thread:29 - Finishing 35 thread...
2023-03-18 18:28:47.582 | INFO     | __main__:final_part_thread:32 - Starting 35 thread...
2023-03-18 18:28:47.587 | SUCCESS  | __main__:final_part_thread:40 - Finishing 35 thread...
2023-03-18 18:28:47.595 | INFO     | __main__:<module>:56 - The time of 35 thread was 2.4781501293182373
2023-03-18 18:28:47.603 | INFO     | __main__:first_part_thread:12 - Starting 36 thread...
2023-03-18 18:28:47.614 | INFO     | __main__:second_part_thread:22 - Starting 36 thread...
2023-03-18 18:28:47.619 | SUCCESS  | __main__:first_part_thread:19 - Finishing 36 thread...
2023-03-18 18:28:47.631 | SUCCESS  | __main__:second_part_thread:29 - Finishing 36 thread...
2023-03-18 18:28:47.634 | INFO     | __main__:final_part_thread:32 - Starting 36 thread...
2023-03-18 18:28:47.637 | SUCCESS  | __main__:final_part_thread:40 - Finishing 36 thread...
2023-03-18 18:28:47.643 | INFO     | __main__:<module>:56 - The time of 36 thread was 2.526200294494629
2023-03-18 18:28:47.651 | INFO     | __main__:first_part_thread:12 - Starting 37 thread...
2023-03-18 18:28:47.671 | INFO     | __main__:second_part_thread:22 - Starting 37 thread...
2023-03-18 18:28:47.682 | SUCCESS  | __main__:first_part_thread:19 - Finishing 37 thread...
2023-03-18 18:28:47.694 | SUCCESS  | __main__:second_part_thread:29 - Finishing 37 thread...
2023-03-18 18:28:47.703 | INFO     | __main__:final_part_thread:32 - Starting 37 thread...
2023-03-18 18:28:47.713 | SUCCESS  | __main__:final_part_thread:40 - Finishing 37 thread...
2023-03-18 18:28:47.724 | INFO     | __main__:<module>:56 - The time of 37 thread was 2.6071372032165527
2023-03-18 18:28:47.740 | INFO     | __main__:first_part_thread:12 - Starting 38 thread...
2023-03-18 18:28:47.740 | INFO     | __main__:second_part_thread:22 - Starting 38 thread...
2023-03-18 18:28:47.774 | SUCCESS  | __main__:first_part_thread:19 - Finishing 38 thread...
2023-03-18 18:28:47.786 | SUCCESS  | __main__:second_part_thread:29 - Finishing 38 thread...
2023-03-18 18:28:47.805 | INFO     | __main__:final_part_thread:32 - Starting 38 thread...
2023-03-18 18:28:47.808 | SUCCESS  | __main__:final_part_thread:40 - Finishing 38 thread...
2023-03-18 18:28:47.812 | INFO     | __main__:<module>:56 - The time of 38 thread was 2.69477915763855
2023-03-18 18:28:47.818 | INFO     | __main__:first_part_thread:12 - Starting 39 thread...
2023-03-18 18:28:47.836 | INFO     | __main__:second_part_thread:22 - Starting 39 thread...
2023-03-18 18:28:47.849 | SUCCESS  | __main__:first_part_thread:19 - Finishing 39 thread...
2023-03-18 18:28:47.855 | SUCCESS  | __main__:second_part_thread:29 - Finishing 39 thread...
2023-03-18 18:28:47.862 | INFO     | __main__:final_part_thread:32 - Starting 39 thread...
2023-03-18 18:28:47.865 | SUCCESS  | __main__:final_part_thread:40 - Finishing 39 thread...
2023-03-18 18:28:47.869 | INFO     | __main__:<module>:56 - The time of 39 thread was 2.751699924468994
2023-03-18 18:28:47.886 | INFO     | __main__:first_part_thread:12 - Starting 40 thread...
2023-03-18 18:28:47.892 | INFO     | __main__:second_part_thread:22 - Starting 40 thread...
2023-03-18 18:28:47.905 | SUCCESS  | __main__:first_part_thread:19 - Finishing 40 thread...
2023-03-18 18:28:47.917 | SUCCESS  | __main__:second_part_thread:29 - Finishing 40 thread...
2023-03-18 18:28:47.923 | INFO     | __main__:final_part_thread:32 - Starting 40 thread...
2023-03-18 18:28:47.931 | SUCCESS  | __main__:final_part_thread:40 - Finishing 40 thread...
2023-03-18 18:28:47.943 | INFO     | __main__:<module>:56 - The time of 40 thread was 2.825976848602295
2023-03-18 18:28:47.951 | INFO     | __main__:first_part_thread:12 - Starting 41 thread...
2023-03-18 18:28:47.969 | INFO     | __main__:second_part_thread:22 - Starting 41 thread...
2023-03-18 18:28:47.990 | SUCCESS  | __main__:first_part_thread:19 - Finishing 41 thread...
2023-03-18 18:28:48.007 | SUCCESS  | __main__:second_part_thread:29 - Finishing 41 thread...
2023-03-18 18:28:48.014 | INFO     | __main__:final_part_thread:32 - Starting 41 thread...
2023-03-18 18:28:48.019 | SUCCESS  | __main__:final_part_thread:40 - Finishing 41 thread...
2023-03-18 18:28:48.029 | INFO     | __main__:<module>:56 - The time of 41 thread was 2.9118921756744385
2023-03-18 18:28:48.054 | INFO     | __main__:first_part_thread:12 - Starting 42 thread...
2023-03-18 18:28:48.071 | INFO     | __main__:second_part_thread:22 - Starting 42 thread...
2023-03-18 18:28:48.078 | SUCCESS  | __main__:first_part_thread:19 - Finishing 42 thread...
2023-03-18 18:28:48.088 | SUCCESS  | __main__:second_part_thread:29 - Finishing 42 thread...
2023-03-18 18:28:48.091 | INFO     | __main__:final_part_thread:32 - Starting 42 thread...
2023-03-18 18:28:48.098 | SUCCESS  | __main__:final_part_thread:40 - Finishing 42 thread...
2023-03-18 18:28:48.108 | INFO     | __main__:<module>:56 - The time of 42 thread was 2.9902400970458984
2023-03-18 18:28:48.130 | INFO     | __main__:first_part_thread:12 - Starting 43 thread...
2023-03-18 18:28:48.131 | INFO     | __main__:second_part_thread:22 - Starting 43 thread...
2023-03-18 18:28:48.141 | SUCCESS  | __main__:first_part_thread:19 - Finishing 43 thread...
2023-03-18 18:28:48.156 | SUCCESS  | __main__:second_part_thread:29 - Finishing 43 thread...
2023-03-18 18:28:48.173 | INFO     | __main__:final_part_thread:32 - Starting 43 thread...
2023-03-18 18:28:48.181 | SUCCESS  | __main__:final_part_thread:40 - Finishing 43 thread...
2023-03-18 18:28:48.185 | INFO     | __main__:<module>:56 - The time of 43 thread was 3.067326784133911
2023-03-18 18:28:48.199 | INFO     | __main__:first_part_thread:12 - Starting 44 thread...
2023-03-18 18:28:48.200 | INFO     | __main__:second_part_thread:22 - Starting 44 thread...
2023-03-18 18:28:48.222 | SUCCESS  | __main__:first_part_thread:19 - Finishing 44 thread...
2023-03-18 18:28:48.229 | SUCCESS  | __main__:second_part_thread:29 - Finishing 44 thread...
2023-03-18 18:28:48.233 | INFO     | __main__:final_part_thread:32 - Starting 44 thread...
2023-03-18 18:28:48.248 | SUCCESS  | __main__:final_part_thread:40 - Finishing 44 thread...
2023-03-18 18:28:48.257 | INFO     | __main__:<module>:56 - The time of 44 thread was 3.1393535137176514
2023-03-18 18:28:48.263 | INFO     | __main__:first_part_thread:12 - Starting 45 thread...
2023-03-18 18:28:48.281 | INFO     | __main__:second_part_thread:22 - Starting 45 thread...
2023-03-18 18:28:48.292 | SUCCESS  | __main__:first_part_thread:19 - Finishing 45 thread...
2023-03-18 18:28:48.301 | SUCCESS  | __main__:second_part_thread:29 - Finishing 45 thread...
2023-03-18 18:28:48.303 | INFO     | __main__:final_part_thread:32 - Starting 45 thread...
2023-03-18 18:28:48.308 | SUCCESS  | __main__:final_part_thread:40 - Finishing 45 thread...
2023-03-18 18:28:48.324 | INFO     | __main__:<module>:56 - The time of 45 thread was 3.2071175575256348
2023-03-18 18:28:48.338 | INFO     | __main__:first_part_thread:12 - Starting 46 thread...
2023-03-18 18:28:48.349 | INFO     | __main__:second_part_thread:22 - Starting 46 thread...
2023-03-18 18:28:48.355 | SUCCESS  | __main__:first_part_thread:19 - Finishing 46 thread...
2023-03-18 18:28:48.371 | SUCCESS  | __main__:second_part_thread:29 - Finishing 46 thread...
2023-03-18 18:28:48.374 | INFO     | __main__:final_part_thread:32 - Starting 46 thread...
2023-03-18 18:28:48.377 | SUCCESS  | __main__:final_part_thread:40 - Finishing 46 thread...
2023-03-18 18:28:48.381 | INFO     | __main__:<module>:56 - The time of 46 thread was 3.263547658920288
2023-03-18 18:28:48.389 | INFO     | __main__:first_part_thread:12 - Starting 47 thread...
2023-03-18 18:28:48.411 | INFO     | __main__:second_part_thread:22 - Starting 47 thread...
2023-03-18 18:28:48.421 | SUCCESS  | __main__:first_part_thread:19 - Finishing 47 thread...
2023-03-18 18:28:48.440 | SUCCESS  | __main__:second_part_thread:29 - Finishing 47 thread...
2023-03-18 18:28:48.489 | INFO     | __main__:final_part_thread:32 - Starting 47 thread...
2023-03-18 18:28:48.499 | SUCCESS  | __main__:final_part_thread:40 - Finishing 47 thread...
2023-03-18 18:28:48.512 | INFO     | __main__:<module>:56 - The time of 47 thread was 3.394376516342163
2023-03-18 18:28:48.529 | INFO     | __main__:first_part_thread:12 - Starting 48 thread...
2023-03-18 18:28:48.531 | INFO     | __main__:second_part_thread:22 - Starting 48 thread...
2023-03-18 18:28:48.570 | SUCCESS  | __main__:first_part_thread:19 - Finishing 48 thread...
2023-03-18 18:28:48.588 | SUCCESS  | __main__:second_part_thread:29 - Finishing 48 thread...
2023-03-18 18:28:48.595 | INFO     | __main__:final_part_thread:32 - Starting 48 thread...
2023-03-18 18:28:48.601 | SUCCESS  | __main__:final_part_thread:40 - Finishing 48 thread...
2023-03-18 18:28:48.608 | INFO     | __main__:<module>:56 - The time of 48 thread was 3.490689277648926
2023-03-18 18:28:48.614 | INFO     | __main__:first_part_thread:12 - Starting 49 thread...
2023-03-18 18:28:48.630 | INFO     | __main__:second_part_thread:22 - Starting 49 thread...
2023-03-18 18:28:48.647 | SUCCESS  | __main__:first_part_thread:19 - Finishing 49 thread...
2023-03-18 18:28:48.664 | SUCCESS  | __main__:second_part_thread:29 - Finishing 49 thread...
2023-03-18 18:28:48.684 | INFO     | __main__:final_part_thread:32 - Starting 49 thread...
2023-03-18 18:28:48.690 | SUCCESS  | __main__:final_part_thread:40 - Finishing 49 thread...
2023-03-18 18:28:48.695 | INFO     | __main__:<module>:56 - The time of 49 thread was 3.577481746673584
2023-03-18 18:28:48.708 | INFO     | __main__:first_part_thread:12 - Starting 50 thread...
2023-03-18 18:28:48.731 | INFO     | __main__:second_part_thread:22 - Starting 50 thread...
2023-03-18 18:28:48.741 | SUCCESS  | __main__:first_part_thread:19 - Finishing 50 thread...
2023-03-18 18:28:48.753 | SUCCESS  | __main__:second_part_thread:29 - Finishing 50 thread...
2023-03-18 18:28:48.767 | INFO     | __main__:final_part_thread:32 - Starting 50 thread...
2023-03-18 18:28:48.787 | SUCCESS  | __main__:final_part_thread:40 - Finishing 50 thread...
2023-03-18 18:28:48.790 | INFO     | __main__:<module>:56 - The time of 50 thread was 3.672492265701294
